<?xml version="1.0" encoding="UTF-8"?>
<testng-results skipped="20" failed="3" ignored="1" total="28" passed="4">
  <reporter-output>
  </reporter-output>
  <suite name="Suite" duration-ms="581" started-at="2021-03-14T08:16:30Z" finished-at="2021-03-14T08:16:31Z">
    <groups>
      <group name="regression">
        <method signature="BuyingPageExecution.exchangeDeviceYesClose()[pri:0, instance:org.samsung.pageexecution.BuyingPageExecution@6f7fd0e6]" name="exchangeDeviceYesClose" class="org.samsung.pageexecution.BuyingPageExecution"/>
      </group> <!-- regression -->
      <group name="sanity">
        <method signature="BuyingPageExecution.exchangeDeviceYesClose()[pri:0, instance:org.samsung.pageexecution.BuyingPageExecution@6f7fd0e6]" name="exchangeDeviceYesClose" class="org.samsung.pageexecution.BuyingPageExecution"/>
      </group> <!-- sanity -->
    </groups>
    <test name="Test" duration-ms="581" started-at="2021-03-14T08:16:30Z" finished-at="2021-03-14T08:16:31Z">
      <class name="org.samsung.pageexecution.BuyingPageExecution2">
        <test-method status="PASS" signature="bclass()[pri:0, instance:org.samsung.pageexecution.BuyingPageExecution2@47c62251]" name="bclass" is-config="true" duration-ms="0" started-at="2021-03-14T08:16:31Z" finished-at="2021-03-14T08:16:31Z">
          <reporter-output>
          </reporter-output>
        </test-method> <!-- bclass -->
        <test-method status="PASS" signature="meth()[pri:0, instance:org.samsung.pageexecution.BuyingPageExecution2@47c62251]" name="meth" is-config="true" duration-ms="15" started-at="2021-03-14T08:16:31Z" finished-at="2021-03-14T08:16:31Z">
          <reporter-output>
          </reporter-output>
        </test-method> <!-- meth -->
        <test-method status="SKIP" signature="exchangeDeviceYesClick()[pri:0, instance:org.samsung.pageexecution.BuyingPageExecution2@47c62251]" name="exchangeDeviceYesClick" duration-ms="0" started-at="2021-03-14T08:16:31Z" finished-at="2021-03-14T08:16:31Z">
          <exception class="java.lang.AssertionError">
            <message>
              <![CDATA[expected [true] but found [false]]]>
            </message>
            <full-stacktrace>
              <![CDATA[java.lang.AssertionError: expected [true] but found [false]
at org.testng.Assert.fail(Assert.java:96)
at org.testng.Assert.failNotEquals(Assert.java:776)
at org.testng.Assert.assertTrue(Assert.java:44)
at org.testng.Assert.assertTrue(Assert.java:54)
at org.samsung.pageexecution.BuyingPageExecution2.exchangeDeviceYesClick(BuyingPageExecution2.java:40)
at sun.reflect.NativeMethodAccessorImpl.invoke0(Native Method)
at sun.reflect.NativeMethodAccessorImpl.invoke(NativeMethodAccessorImpl.java:62)
at sun.reflect.DelegatingMethodAccessorImpl.invoke(DelegatingMethodAccessorImpl.java:43)
at java.lang.reflect.Method.invoke(Method.java:498)
at org.testng.internal.MethodInvocationHelper.invokeMethod(MethodInvocationHelper.java:124)
at org.testng.internal.Invoker.invokeMethod(Invoker.java:583)
at org.testng.internal.Invoker.invokeTestMethod(Invoker.java:719)
at org.testng.internal.Invoker.invokeTestMethods(Invoker.java:989)
at org.testng.internal.TestMethodWorker.invokeTestMethods(TestMethodWorker.java:125)
at org.testng.internal.TestMethodWorker.run(TestMethodWorker.java:109)
at org.testng.TestRunner.privateRun(TestRunner.java:648)
at org.testng.TestRunner.run(TestRunner.java:505)
at org.testng.SuiteRunner.runTest(SuiteRunner.java:455)
at org.testng.SuiteRunner.runSequentially(SuiteRunner.java:450)
at org.testng.SuiteRunner.privateRun(SuiteRunner.java:415)
at org.testng.SuiteRunner.run(SuiteRunner.java:364)
at org.testng.SuiteRunnerWorker.runSuite(SuiteRunnerWorker.java:52)
at org.testng.SuiteRunnerWorker.run(SuiteRunnerWorker.java:84)
at org.testng.TestNG.runSuitesSequentially(TestNG.java:1208)
at org.testng.TestNG.runSuitesLocally(TestNG.java:1137)
at org.testng.TestNG.runSuites(TestNG.java:1049)
at org.testng.TestNG.run(TestNG.java:1017)
at org.testng.remote.AbstractRemoteTestNG.run(AbstractRemoteTestNG.java:132)
at org.testng.remote.RemoteTestNG.initAndRun(RemoteTestNG.java:230)
at org.testng.remote.RemoteTestNG.main(RemoteTestNG.java:76)
]]>
            </full-stacktrace>
          </exception> <!-- java.lang.AssertionError -->
          <reporter-output>
          </reporter-output>
        </test-method> <!-- exchangeDeviceYesClick -->
        <test-method status="PASS" signature="aMeth()[pri:0, instance:org.samsung.pageexecution.BuyingPageExecution2@47c62251]" name="aMeth" is-config="true" duration-ms="0" started-at="2021-03-14T08:16:31Z" finished-at="2021-03-14T08:16:31Z">
          <reporter-output>
          </reporter-output>
        </test-method> <!-- aMeth -->
        <test-method status="PASS" signature="meth()[pri:0, instance:org.samsung.pageexecution.BuyingPageExecution2@47c62251]" name="meth" is-config="true" duration-ms="0" started-at="2021-03-14T08:16:31Z" finished-at="2021-03-14T08:16:31Z">
          <reporter-output>
          </reporter-output>
        </test-method> <!-- meth -->
        <test-method status="SKIP" signature="exchangeDeviceYesClick()[pri:0, instance:org.samsung.pageexecution.BuyingPageExecution2@47c62251]" name="exchangeDeviceYesClick" duration-ms="0" started-at="2021-03-14T08:16:31Z" finished-at="2021-03-14T08:16:31Z">
          <exception class="java.lang.AssertionError">
            <message>
              <![CDATA[expected [true] but found [false]]]>
            </message>
            <full-stacktrace>
              <![CDATA[java.lang.AssertionError: expected [true] but found [false]
at org.testng.Assert.fail(Assert.java:96)
at org.testng.Assert.failNotEquals(Assert.java:776)
at org.testng.Assert.assertTrue(Assert.java:44)
at org.testng.Assert.assertTrue(Assert.java:54)
at org.samsung.pageexecution.BuyingPageExecution2.exchangeDeviceYesClick(BuyingPageExecution2.java:40)
at sun.reflect.NativeMethodAccessorImpl.invoke0(Native Method)
at sun.reflect.NativeMethodAccessorImpl.invoke(NativeMethodAccessorImpl.java:62)
at sun.reflect.DelegatingMethodAccessorImpl.invoke(DelegatingMethodAccessorImpl.java:43)
at java.lang.reflect.Method.invoke(Method.java:498)
at org.testng.internal.MethodInvocationHelper.invokeMethod(MethodInvocationHelper.java:124)
at org.testng.internal.Invoker.invokeMethod(Invoker.java:583)
at org.testng.internal.Invoker.retryFailed(Invoker.java:839)
at org.testng.internal.Invoker.invokeTestMethods(Invoker.java:1010)
at org.testng.internal.TestMethodWorker.invokeTestMethods(TestMethodWorker.java:125)
at org.testng.internal.TestMethodWorker.run(TestMethodWorker.java:109)
at org.testng.TestRunner.privateRun(TestRunner.java:648)
at org.testng.TestRunner.run(TestRunner.java:505)
at org.testng.SuiteRunner.runTest(SuiteRunner.java:455)
at org.testng.SuiteRunner.runSequentially(SuiteRunner.java:450)
at org.testng.SuiteRunner.privateRun(SuiteRunner.java:415)
at org.testng.SuiteRunner.run(SuiteRunner.java:364)
at org.testng.SuiteRunnerWorker.runSuite(SuiteRunnerWorker.java:52)
at org.testng.SuiteRunnerWorker.run(SuiteRunnerWorker.java:84)
at org.testng.TestNG.runSuitesSequentially(TestNG.java:1208)
at org.testng.TestNG.runSuitesLocally(TestNG.java:1137)
at org.testng.TestNG.runSuites(TestNG.java:1049)
at org.testng.TestNG.run(TestNG.java:1017)
at org.testng.remote.AbstractRemoteTestNG.run(AbstractRemoteTestNG.java:132)
at org.testng.remote.RemoteTestNG.initAndRun(RemoteTestNG.java:230)
at org.testng.remote.RemoteTestNG.main(RemoteTestNG.java:76)
]]>
            </full-stacktrace>
          </exception> <!-- java.lang.AssertionError -->
          <reporter-output>
          </reporter-output>
        </test-method> <!-- exchangeDeviceYesClick -->
        <test-method status="PASS" signature="meth()[pri:0, instance:org.samsung.pageexecution.BuyingPageExecution2@47c62251]" name="meth" is-config="true" duration-ms="0" started-at="2021-03-14T08:16:31Z" finished-at="2021-03-14T08:16:31Z">
          <reporter-output>
          </reporter-output>
        </test-method> <!-- meth -->
        <test-method status="PASS" signature="aMeth()[pri:0, instance:org.samsung.pageexecution.BuyingPageExecution2@47c62251]" name="aMeth" is-config="true" duration-ms="0" started-at="2021-03-14T08:16:31Z" finished-at="2021-03-14T08:16:31Z">
          <reporter-output>
          </reporter-output>
        </test-method> <!-- aMeth -->
        <test-method status="SKIP" signature="exchangeDeviceYesClick()[pri:0, instance:org.samsung.pageexecution.BuyingPageExecution2@47c62251]" name="exchangeDeviceYesClick" duration-ms="0" started-at="2021-03-14T08:16:31Z" finished-at="2021-03-14T08:16:31Z">
          <exception class="java.lang.AssertionError">
            <message>
              <![CDATA[expected [true] but found [false]]]>
            </message>
            <full-stacktrace>
              <![CDATA[java.lang.AssertionError: expected [true] but found [false]
at org.testng.Assert.fail(Assert.java:96)
at org.testng.Assert.failNotEquals(Assert.java:776)
at org.testng.Assert.assertTrue(Assert.java:44)
at org.testng.Assert.assertTrue(Assert.java:54)
at org.samsung.pageexecution.BuyingPageExecution2.exchangeDeviceYesClick(BuyingPageExecution2.java:40)
at sun.reflect.NativeMethodAccessorImpl.invoke0(Native Method)
at sun.reflect.NativeMethodAccessorImpl.invoke(NativeMethodAccessorImpl.java:62)
at sun.reflect.DelegatingMethodAccessorImpl.invoke(DelegatingMethodAccessorImpl.java:43)
at java.lang.reflect.Method.invoke(Method.java:498)
at org.testng.internal.MethodInvocationHelper.invokeMethod(MethodInvocationHelper.java:124)
at org.testng.internal.Invoker.invokeMethod(Invoker.java:583)
at org.testng.internal.Invoker.retryFailed(Invoker.java:839)
at org.testng.internal.Invoker.invokeTestMethods(Invoker.java:1010)
at org.testng.internal.TestMethodWorker.invokeTestMethods(TestMethodWorker.java:125)
at org.testng.internal.TestMethodWorker.run(TestMethodWorker.java:109)
at org.testng.TestRunner.privateRun(TestRunner.java:648)
at org.testng.TestRunner.run(TestRunner.java:505)
at org.testng.SuiteRunner.runTest(SuiteRunner.java:455)
at org.testng.SuiteRunner.runSequentially(SuiteRunner.java:450)
at org.testng.SuiteRunner.privateRun(SuiteRunner.java:415)
at org.testng.SuiteRunner.run(SuiteRunner.java:364)
at org.testng.SuiteRunnerWorker.runSuite(SuiteRunnerWorker.java:52)
at org.testng.SuiteRunnerWorker.run(SuiteRunnerWorker.java:84)
at org.testng.TestNG.runSuitesSequentially(TestNG.java:1208)
at org.testng.TestNG.runSuitesLocally(TestNG.java:1137)
at org.testng.TestNG.runSuites(TestNG.java:1049)
at org.testng.TestNG.run(TestNG.java:1017)
at org.testng.remote.AbstractRemoteTestNG.run(AbstractRemoteTestNG.java:132)
at org.testng.remote.RemoteTestNG.initAndRun(RemoteTestNG.java:230)
at org.testng.remote.RemoteTestNG.main(RemoteTestNG.java:76)
]]>
            </full-stacktrace>
          </exception> <!-- java.lang.AssertionError -->
          <reporter-output>
          </reporter-output>
        </test-method> <!-- exchangeDeviceYesClick -->
        <test-method status="PASS" signature="meth()[pri:0, instance:org.samsung.pageexecution.BuyingPageExecution2@47c62251]" name="meth" is-config="true" duration-ms="0" started-at="2021-03-14T08:16:31Z" finished-at="2021-03-14T08:16:31Z">
          <reporter-output>
          </reporter-output>
        </test-method> <!-- meth -->
        <test-method status="PASS" signature="aMeth()[pri:0, instance:org.samsung.pageexecution.BuyingPageExecution2@47c62251]" name="aMeth" is-config="true" duration-ms="0" started-at="2021-03-14T08:16:31Z" finished-at="2021-03-14T08:16:31Z">
          <reporter-output>
          </reporter-output>
        </test-method> <!-- aMeth -->
        <test-method status="SKIP" signature="exchangeDeviceYesClick()[pri:0, instance:org.samsung.pageexecution.BuyingPageExecution2@47c62251]" name="exchangeDeviceYesClick" duration-ms="16" started-at="2021-03-14T08:16:31Z" finished-at="2021-03-14T08:16:31Z">
          <exception class="java.lang.AssertionError">
            <message>
              <![CDATA[expected [true] but found [false]]]>
            </message>
            <full-stacktrace>
              <![CDATA[java.lang.AssertionError: expected [true] but found [false]
at org.testng.Assert.fail(Assert.java:96)
at org.testng.Assert.failNotEquals(Assert.java:776)
at org.testng.Assert.assertTrue(Assert.java:44)
at org.testng.Assert.assertTrue(Assert.java:54)
at org.samsung.pageexecution.BuyingPageExecution2.exchangeDeviceYesClick(BuyingPageExecution2.java:40)
at sun.reflect.NativeMethodAccessorImpl.invoke0(Native Method)
at sun.reflect.NativeMethodAccessorImpl.invoke(NativeMethodAccessorImpl.java:62)
at sun.reflect.DelegatingMethodAccessorImpl.invoke(DelegatingMethodAccessorImpl.java:43)
at java.lang.reflect.Method.invoke(Method.java:498)
at org.testng.internal.MethodInvocationHelper.invokeMethod(MethodInvocationHelper.java:124)
at org.testng.internal.Invoker.invokeMethod(Invoker.java:583)
at org.testng.internal.Invoker.retryFailed(Invoker.java:839)
at org.testng.internal.Invoker.invokeTestMethods(Invoker.java:1010)
at org.testng.internal.TestMethodWorker.invokeTestMethods(TestMethodWorker.java:125)
at org.testng.internal.TestMethodWorker.run(TestMethodWorker.java:109)
at org.testng.TestRunner.privateRun(TestRunner.java:648)
at org.testng.TestRunner.run(TestRunner.java:505)
at org.testng.SuiteRunner.runTest(SuiteRunner.java:455)
at org.testng.SuiteRunner.runSequentially(SuiteRunner.java:450)
at org.testng.SuiteRunner.privateRun(SuiteRunner.java:415)
at org.testng.SuiteRunner.run(SuiteRunner.java:364)
at org.testng.SuiteRunnerWorker.runSuite(SuiteRunnerWorker.java:52)
at org.testng.SuiteRunnerWorker.run(SuiteRunnerWorker.java:84)
at org.testng.TestNG.runSuitesSequentially(TestNG.java:1208)
at org.testng.TestNG.runSuitesLocally(TestNG.java:1137)
at org.testng.TestNG.runSuites(TestNG.java:1049)
at org.testng.TestNG.run(TestNG.java:1017)
at org.testng.remote.AbstractRemoteTestNG.run(AbstractRemoteTestNG.java:132)
at org.testng.remote.RemoteTestNG.initAndRun(RemoteTestNG.java:230)
at org.testng.remote.RemoteTestNG.main(RemoteTestNG.java:76)
]]>
            </full-stacktrace>
          </exception> <!-- java.lang.AssertionError -->
          <reporter-output>
          </reporter-output>
        </test-method> <!-- exchangeDeviceYesClick -->
        <test-method status="PASS" signature="aMeth()[pri:0, instance:org.samsung.pageexecution.BuyingPageExecution2@47c62251]" name="aMeth" is-config="true" duration-ms="0" started-at="2021-03-14T08:16:31Z" finished-at="2021-03-14T08:16:31Z">
          <reporter-output>
          </reporter-output>
        </test-method> <!-- aMeth -->
        <test-method status="PASS" signature="meth()[pri:0, instance:org.samsung.pageexecution.BuyingPageExecution2@47c62251]" name="meth" is-config="true" duration-ms="16" started-at="2021-03-14T08:16:31Z" finished-at="2021-03-14T08:16:31Z">
          <reporter-output>
          </reporter-output>
        </test-method> <!-- meth -->
        <test-method status="PASS" signature="aMeth()[pri:0, instance:org.samsung.pageexecution.BuyingPageExecution2@47c62251]" name="aMeth" is-config="true" duration-ms="0" started-at="2021-03-14T08:16:31Z" finished-at="2021-03-14T08:16:31Z">
          <reporter-output>
          </reporter-output>
        </test-method> <!-- aMeth -->
        <test-method status="PASS" signature="meth()[pri:0, instance:org.samsung.pageexecution.BuyingPageExecution2@47c62251]" name="meth" is-config="true" duration-ms="0" started-at="2021-03-14T08:16:31Z" finished-at="2021-03-14T08:16:31Z">
          <reporter-output>
          </reporter-output>
        </test-method> <!-- meth -->
        <test-method status="SKIP" signature="exchangeDeviceYesClick()[pri:0, instance:org.samsung.pageexecution.BuyingPageExecution2@47c62251]" name="exchangeDeviceYesClick" duration-ms="0" started-at="2021-03-14T08:16:31Z" finished-at="2021-03-14T08:16:31Z">
          <exception class="java.lang.AssertionError">
            <message>
              <![CDATA[expected [true] but found [false]]]>
            </message>
            <full-stacktrace>
              <![CDATA[java.lang.AssertionError: expected [true] but found [false]
at org.testng.Assert.fail(Assert.java:96)
at org.testng.Assert.failNotEquals(Assert.java:776)
at org.testng.Assert.assertTrue(Assert.java:44)
at org.testng.Assert.assertTrue(Assert.java:54)
at org.samsung.pageexecution.BuyingPageExecution2.exchangeDeviceYesClick(BuyingPageExecution2.java:40)
at sun.reflect.NativeMethodAccessorImpl.invoke0(Native Method)
at sun.reflect.NativeMethodAccessorImpl.invoke(NativeMethodAccessorImpl.java:62)
at sun.reflect.DelegatingMethodAccessorImpl.invoke(DelegatingMethodAccessorImpl.java:43)
at java.lang.reflect.Method.invoke(Method.java:498)
at org.testng.internal.MethodInvocationHelper.invokeMethod(MethodInvocationHelper.java:124)
at org.testng.internal.Invoker.invokeMethod(Invoker.java:583)
at org.testng.internal.Invoker.retryFailed(Invoker.java:839)
at org.testng.internal.Invoker.invokeTestMethods(Invoker.java:1010)
at org.testng.internal.TestMethodWorker.invokeTestMethods(TestMethodWorker.java:125)
at org.testng.internal.TestMethodWorker.run(TestMethodWorker.java:109)
at org.testng.TestRunner.privateRun(TestRunner.java:648)
at org.testng.TestRunner.run(TestRunner.java:505)
at org.testng.SuiteRunner.runTest(SuiteRunner.java:455)
at org.testng.SuiteRunner.runSequentially(SuiteRunner.java:450)
at org.testng.SuiteRunner.privateRun(SuiteRunner.java:415)
at org.testng.SuiteRunner.run(SuiteRunner.java:364)
at org.testng.SuiteRunnerWorker.runSuite(SuiteRunnerWorker.java:52)
at org.testng.SuiteRunnerWorker.run(SuiteRunnerWorker.java:84)
at org.testng.TestNG.runSuitesSequentially(TestNG.java:1208)
at org.testng.TestNG.runSuitesLocally(TestNG.java:1137)
at org.testng.TestNG.runSuites(TestNG.java:1049)
at org.testng.TestNG.run(TestNG.java:1017)
at org.testng.remote.AbstractRemoteTestNG.run(AbstractRemoteTestNG.java:132)
at org.testng.remote.RemoteTestNG.initAndRun(RemoteTestNG.java:230)
at org.testng.remote.RemoteTestNG.main(RemoteTestNG.java:76)
]]>
            </full-stacktrace>
          </exception> <!-- java.lang.AssertionError -->
          <reporter-output>
          </reporter-output>
        </test-method> <!-- exchangeDeviceYesClick -->
        <test-method status="SKIP" signature="exchangeDeviceYesClick()[pri:0, instance:org.samsung.pageexecution.BuyingPageExecution2@47c62251]" name="exchangeDeviceYesClick" duration-ms="0" started-at="2021-03-14T08:16:31Z" finished-at="2021-03-14T08:16:31Z">
          <exception class="java.lang.AssertionError">
            <message>
              <![CDATA[expected [true] but found [false]]]>
            </message>
            <full-stacktrace>
              <![CDATA[java.lang.AssertionError: expected [true] but found [false]
at org.testng.Assert.fail(Assert.java:96)
at org.testng.Assert.failNotEquals(Assert.java:776)
at org.testng.Assert.assertTrue(Assert.java:44)
at org.testng.Assert.assertTrue(Assert.java:54)
at org.samsung.pageexecution.BuyingPageExecution2.exchangeDeviceYesClick(BuyingPageExecution2.java:40)
at sun.reflect.NativeMethodAccessorImpl.invoke0(Native Method)
at sun.reflect.NativeMethodAccessorImpl.invoke(NativeMethodAccessorImpl.java:62)
at sun.reflect.DelegatingMethodAccessorImpl.invoke(DelegatingMethodAccessorImpl.java:43)
at java.lang.reflect.Method.invoke(Method.java:498)
at org.testng.internal.MethodInvocationHelper.invokeMethod(MethodInvocationHelper.java:124)
at org.testng.internal.Invoker.invokeMethod(Invoker.java:583)
at org.testng.internal.Invoker.retryFailed(Invoker.java:839)
at org.testng.internal.Invoker.invokeTestMethods(Invoker.java:1010)
at org.testng.internal.TestMethodWorker.invokeTestMethods(TestMethodWorker.java:125)
at org.testng.internal.TestMethodWorker.run(TestMethodWorker.java:109)
at org.testng.TestRunner.privateRun(TestRunner.java:648)
at org.testng.TestRunner.run(TestRunner.java:505)
at org.testng.SuiteRunner.runTest(SuiteRunner.java:455)
at org.testng.SuiteRunner.runSequentially(SuiteRunner.java:450)
at org.testng.SuiteRunner.privateRun(SuiteRunner.java:415)
at org.testng.SuiteRunner.run(SuiteRunner.java:364)
at org.testng.SuiteRunnerWorker.runSuite(SuiteRunnerWorker.java:52)
at org.testng.SuiteRunnerWorker.run(SuiteRunnerWorker.java:84)
at org.testng.TestNG.runSuitesSequentially(TestNG.java:1208)
at org.testng.TestNG.runSuitesLocally(TestNG.java:1137)
at org.testng.TestNG.runSuites(TestNG.java:1049)
at org.testng.TestNG.run(TestNG.java:1017)
at org.testng.remote.AbstractRemoteTestNG.run(AbstractRemoteTestNG.java:132)
at org.testng.remote.RemoteTestNG.initAndRun(RemoteTestNG.java:230)
at org.testng.remote.RemoteTestNG.main(RemoteTestNG.java:76)
]]>
            </full-stacktrace>
          </exception> <!-- java.lang.AssertionError -->
          <reporter-output>
          </reporter-output>
        </test-method> <!-- exchangeDeviceYesClick -->
        <test-method status="PASS" signature="aMeth()[pri:0, instance:org.samsung.pageexecution.BuyingPageExecution2@47c62251]" name="aMeth" is-config="true" duration-ms="0" started-at="2021-03-14T08:16:31Z" finished-at="2021-03-14T08:16:31Z">
          <reporter-output>
          </reporter-output>
        </test-method> <!-- aMeth -->
        <test-method status="PASS" signature="meth()[pri:0, instance:org.samsung.pageexecution.BuyingPageExecution2@47c62251]" name="meth" is-config="true" duration-ms="0" started-at="2021-03-14T08:16:31Z" finished-at="2021-03-14T08:16:31Z">
          <reporter-output>
          </reporter-output>
        </test-method> <!-- meth -->
        <test-method status="SKIP" signature="exchangeDeviceYesClick()[pri:0, instance:org.samsung.pageexecution.BuyingPageExecution2@47c62251]" name="exchangeDeviceYesClick" duration-ms="16" started-at="2021-03-14T08:16:31Z" finished-at="2021-03-14T08:16:31Z">
          <exception class="java.lang.AssertionError">
            <message>
              <![CDATA[expected [true] but found [false]]]>
            </message>
            <full-stacktrace>
              <![CDATA[java.lang.AssertionError: expected [true] but found [false]
at org.testng.Assert.fail(Assert.java:96)
at org.testng.Assert.failNotEquals(Assert.java:776)
at org.testng.Assert.assertTrue(Assert.java:44)
at org.testng.Assert.assertTrue(Assert.java:54)
at org.samsung.pageexecution.BuyingPageExecution2.exchangeDeviceYesClick(BuyingPageExecution2.java:40)
at sun.reflect.NativeMethodAccessorImpl.invoke0(Native Method)
at sun.reflect.NativeMethodAccessorImpl.invoke(NativeMethodAccessorImpl.java:62)
at sun.reflect.DelegatingMethodAccessorImpl.invoke(DelegatingMethodAccessorImpl.java:43)
at java.lang.reflect.Method.invoke(Method.java:498)
at org.testng.internal.MethodInvocationHelper.invokeMethod(MethodInvocationHelper.java:124)
at org.testng.internal.Invoker.invokeMethod(Invoker.java:583)
at org.testng.internal.Invoker.retryFailed(Invoker.java:839)
at org.testng.internal.Invoker.invokeTestMethods(Invoker.java:1010)
at org.testng.internal.TestMethodWorker.invokeTestMethods(TestMethodWorker.java:125)
at org.testng.internal.TestMethodWorker.run(TestMethodWorker.java:109)
at org.testng.TestRunner.privateRun(TestRunner.java:648)
at org.testng.TestRunner.run(TestRunner.java:505)
at org.testng.SuiteRunner.runTest(SuiteRunner.java:455)
at org.testng.SuiteRunner.runSequentially(SuiteRunner.java:450)
at org.testng.SuiteRunner.privateRun(SuiteRunner.java:415)
at org.testng.SuiteRunner.run(SuiteRunner.java:364)
at org.testng.SuiteRunnerWorker.runSuite(SuiteRunnerWorker.java:52)
at org.testng.SuiteRunnerWorker.run(SuiteRunnerWorker.java:84)
at org.testng.TestNG.runSuitesSequentially(TestNG.java:1208)
at org.testng.TestNG.runSuitesLocally(TestNG.java:1137)
at org.testng.TestNG.runSuites(TestNG.java:1049)
at org.testng.TestNG.run(TestNG.java:1017)
at org.testng.remote.AbstractRemoteTestNG.run(AbstractRemoteTestNG.java:132)
at org.testng.remote.RemoteTestNG.initAndRun(RemoteTestNG.java:230)
at org.testng.remote.RemoteTestNG.main(RemoteTestNG.java:76)
]]>
            </full-stacktrace>
          </exception> <!-- java.lang.AssertionError -->
          <reporter-output>
          </reporter-output>
        </test-method> <!-- exchangeDeviceYesClick -->
        <test-method status="SKIP" signature="exchangeDeviceYesClick()[pri:0, instance:org.samsung.pageexecution.BuyingPageExecution2@47c62251]" name="exchangeDeviceYesClick" duration-ms="16" started-at="2021-03-14T08:16:31Z" finished-at="2021-03-14T08:16:31Z">
          <exception class="java.lang.AssertionError">
            <message>
              <![CDATA[expected [true] but found [false]]]>
            </message>
            <full-stacktrace>
              <![CDATA[java.lang.AssertionError: expected [true] but found [false]
at org.testng.Assert.fail(Assert.java:96)
at org.testng.Assert.failNotEquals(Assert.java:776)
at org.testng.Assert.assertTrue(Assert.java:44)
at org.testng.Assert.assertTrue(Assert.java:54)
at org.samsung.pageexecution.BuyingPageExecution2.exchangeDeviceYesClick(BuyingPageExecution2.java:40)
at sun.reflect.NativeMethodAccessorImpl.invoke0(Native Method)
at sun.reflect.NativeMethodAccessorImpl.invoke(NativeMethodAccessorImpl.java:62)
at sun.reflect.DelegatingMethodAccessorImpl.invoke(DelegatingMethodAccessorImpl.java:43)
at java.lang.reflect.Method.invoke(Method.java:498)
at org.testng.internal.MethodInvocationHelper.invokeMethod(MethodInvocationHelper.java:124)
at org.testng.internal.Invoker.invokeMethod(Invoker.java:583)
at org.testng.internal.Invoker.retryFailed(Invoker.java:839)
at org.testng.internal.Invoker.invokeTestMethods(Invoker.java:1010)
at org.testng.internal.TestMethodWorker.invokeTestMethods(TestMethodWorker.java:125)
at org.testng.internal.TestMethodWorker.run(TestMethodWorker.java:109)
at org.testng.TestRunner.privateRun(TestRunner.java:648)
at org.testng.TestRunner.run(TestRunner.java:505)
at org.testng.SuiteRunner.runTest(SuiteRunner.java:455)
at org.testng.SuiteRunner.runSequentially(SuiteRunner.java:450)
at org.testng.SuiteRunner.privateRun(SuiteRunner.java:415)
at org.testng.SuiteRunner.run(SuiteRunner.java:364)
at org.testng.SuiteRunnerWorker.runSuite(SuiteRunnerWorker.java:52)
at org.testng.SuiteRunnerWorker.run(SuiteRunnerWorker.java:84)
at org.testng.TestNG.runSuitesSequentially(TestNG.java:1208)
at org.testng.TestNG.runSuitesLocally(TestNG.java:1137)
at org.testng.TestNG.runSuites(TestNG.java:1049)
at org.testng.TestNG.run(TestNG.java:1017)
at org.testng.remote.AbstractRemoteTestNG.run(AbstractRemoteTestNG.java:132)
at org.testng.remote.RemoteTestNG.initAndRun(RemoteTestNG.java:230)
at org.testng.remote.RemoteTestNG.main(RemoteTestNG.java:76)
]]>
            </full-stacktrace>
          </exception> <!-- java.lang.AssertionError -->
          <reporter-output>
          </reporter-output>
        </test-method> <!-- exchangeDeviceYesClick -->
        <test-method status="PASS" signature="aMeth()[pri:0, instance:org.samsung.pageexecution.BuyingPageExecution2@47c62251]" name="aMeth" is-config="true" duration-ms="0" started-at="2021-03-14T08:16:31Z" finished-at="2021-03-14T08:16:31Z">
          <reporter-output>
          </reporter-output>
        </test-method> <!-- aMeth -->
        <test-method status="PASS" signature="meth()[pri:0, instance:org.samsung.pageexecution.BuyingPageExecution2@47c62251]" name="meth" is-config="true" duration-ms="0" started-at="2021-03-14T08:16:31Z" finished-at="2021-03-14T08:16:31Z">
          <reporter-output>
          </reporter-output>
        </test-method> <!-- meth -->
        <test-method status="SKIP" signature="exchangeDeviceYesClick()[pri:0, instance:org.samsung.pageexecution.BuyingPageExecution2@47c62251]" name="exchangeDeviceYesClick" duration-ms="0" started-at="2021-03-14T08:16:31Z" finished-at="2021-03-14T08:16:31Z">
          <exception class="java.lang.AssertionError">
            <message>
              <![CDATA[expected [true] but found [false]]]>
            </message>
            <full-stacktrace>
              <![CDATA[java.lang.AssertionError: expected [true] but found [false]
at org.testng.Assert.fail(Assert.java:96)
at org.testng.Assert.failNotEquals(Assert.java:776)
at org.testng.Assert.assertTrue(Assert.java:44)
at org.testng.Assert.assertTrue(Assert.java:54)
at org.samsung.pageexecution.BuyingPageExecution2.exchangeDeviceYesClick(BuyingPageExecution2.java:40)
at sun.reflect.NativeMethodAccessorImpl.invoke0(Native Method)
at sun.reflect.NativeMethodAccessorImpl.invoke(NativeMethodAccessorImpl.java:62)
at sun.reflect.DelegatingMethodAccessorImpl.invoke(DelegatingMethodAccessorImpl.java:43)
at java.lang.reflect.Method.invoke(Method.java:498)
at org.testng.internal.MethodInvocationHelper.invokeMethod(MethodInvocationHelper.java:124)
at org.testng.internal.Invoker.invokeMethod(Invoker.java:583)
at org.testng.internal.Invoker.retryFailed(Invoker.java:839)
at org.testng.internal.Invoker.invokeTestMethods(Invoker.java:1010)
at org.testng.internal.TestMethodWorker.invokeTestMethods(TestMethodWorker.java:125)
at org.testng.internal.TestMethodWorker.run(TestMethodWorker.java:109)
at org.testng.TestRunner.privateRun(TestRunner.java:648)
at org.testng.TestRunner.run(TestRunner.java:505)
at org.testng.SuiteRunner.runTest(SuiteRunner.java:455)
at org.testng.SuiteRunner.runSequentially(SuiteRunner.java:450)
at org.testng.SuiteRunner.privateRun(SuiteRunner.java:415)
at org.testng.SuiteRunner.run(SuiteRunner.java:364)
at org.testng.SuiteRunnerWorker.runSuite(SuiteRunnerWorker.java:52)
at org.testng.SuiteRunnerWorker.run(SuiteRunnerWorker.java:84)
at org.testng.TestNG.runSuitesSequentially(TestNG.java:1208)
at org.testng.TestNG.runSuitesLocally(TestNG.java:1137)
at org.testng.TestNG.runSuites(TestNG.java:1049)
at org.testng.TestNG.run(TestNG.java:1017)
at org.testng.remote.AbstractRemoteTestNG.run(AbstractRemoteTestNG.java:132)
at org.testng.remote.RemoteTestNG.initAndRun(RemoteTestNG.java:230)
at org.testng.remote.RemoteTestNG.main(RemoteTestNG.java:76)
]]>
            </full-stacktrace>
          </exception> <!-- java.lang.AssertionError -->
          <reporter-output>
          </reporter-output>
        </test-method> <!-- exchangeDeviceYesClick -->
        <test-method status="PASS" signature="meth()[pri:0, instance:org.samsung.pageexecution.BuyingPageExecution2@47c62251]" name="meth" is-config="true" duration-ms="0" started-at="2021-03-14T08:16:31Z" finished-at="2021-03-14T08:16:31Z">
          <reporter-output>
          </reporter-output>
        </test-method> <!-- meth -->
        <test-method status="PASS" signature="aMeth()[pri:0, instance:org.samsung.pageexecution.BuyingPageExecution2@47c62251]" name="aMeth" is-config="true" duration-ms="0" started-at="2021-03-14T08:16:31Z" finished-at="2021-03-14T08:16:31Z">
          <reporter-output>
          </reporter-output>
        </test-method> <!-- aMeth -->
        <test-method status="PASS" signature="meth()[pri:0, instance:org.samsung.pageexecution.BuyingPageExecution2@47c62251]" name="meth" is-config="true" duration-ms="0" started-at="2021-03-14T08:16:31Z" finished-at="2021-03-14T08:16:31Z">
          <reporter-output>
          </reporter-output>
        </test-method> <!-- meth -->
        <test-method status="PASS" signature="meth()[pri:0, instance:org.samsung.pageexecution.BuyingPageExecution2@47c62251]" name="meth" is-config="true" duration-ms="16" started-at="2021-03-14T08:16:31Z" finished-at="2021-03-14T08:16:31Z">
          <reporter-output>
          </reporter-output>
        </test-method> <!-- meth -->
        <test-method status="PASS" signature="aMeth()[pri:0, instance:org.samsung.pageexecution.BuyingPageExecution2@47c62251]" name="aMeth" is-config="true" duration-ms="0" started-at="2021-03-14T08:16:31Z" finished-at="2021-03-14T08:16:31Z">
          <reporter-output>
          </reporter-output>
        </test-method> <!-- aMeth -->
        <test-method status="SKIP" signature="exchangeDeviceYesClick()[pri:0, instance:org.samsung.pageexecution.BuyingPageExecution2@47c62251]" name="exchangeDeviceYesClick" duration-ms="0" started-at="2021-03-14T08:16:31Z" finished-at="2021-03-14T08:16:31Z">
          <exception class="java.lang.AssertionError">
            <message>
              <![CDATA[expected [true] but found [false]]]>
            </message>
            <full-stacktrace>
              <![CDATA[java.lang.AssertionError: expected [true] but found [false]
at org.testng.Assert.fail(Assert.java:96)
at org.testng.Assert.failNotEquals(Assert.java:776)
at org.testng.Assert.assertTrue(Assert.java:44)
at org.testng.Assert.assertTrue(Assert.java:54)
at org.samsung.pageexecution.BuyingPageExecution2.exchangeDeviceYesClick(BuyingPageExecution2.java:40)
at sun.reflect.NativeMethodAccessorImpl.invoke0(Native Method)
at sun.reflect.NativeMethodAccessorImpl.invoke(NativeMethodAccessorImpl.java:62)
at sun.reflect.DelegatingMethodAccessorImpl.invoke(DelegatingMethodAccessorImpl.java:43)
at java.lang.reflect.Method.invoke(Method.java:498)
at org.testng.internal.MethodInvocationHelper.invokeMethod(MethodInvocationHelper.java:124)
at org.testng.internal.Invoker.invokeMethod(Invoker.java:583)
at org.testng.internal.Invoker.retryFailed(Invoker.java:839)
at org.testng.internal.Invoker.invokeTestMethods(Invoker.java:1010)
at org.testng.internal.TestMethodWorker.invokeTestMethods(TestMethodWorker.java:125)
at org.testng.internal.TestMethodWorker.run(TestMethodWorker.java:109)
at org.testng.TestRunner.privateRun(TestRunner.java:648)
at org.testng.TestRunner.run(TestRunner.java:505)
at org.testng.SuiteRunner.runTest(SuiteRunner.java:455)
at org.testng.SuiteRunner.runSequentially(SuiteRunner.java:450)
at org.testng.SuiteRunner.privateRun(SuiteRunner.java:415)
at org.testng.SuiteRunner.run(SuiteRunner.java:364)
at org.testng.SuiteRunnerWorker.runSuite(SuiteRunnerWorker.java:52)
at org.testng.SuiteRunnerWorker.run(SuiteRunnerWorker.java:84)
at org.testng.TestNG.runSuitesSequentially(TestNG.java:1208)
at org.testng.TestNG.runSuitesLocally(TestNG.java:1137)
at org.testng.TestNG.runSuites(TestNG.java:1049)
at org.testng.TestNG.run(TestNG.java:1017)
at org.testng.remote.AbstractRemoteTestNG.run(AbstractRemoteTestNG.java:132)
at org.testng.remote.RemoteTestNG.initAndRun(RemoteTestNG.java:230)
at org.testng.remote.RemoteTestNG.main(RemoteTestNG.java:76)
]]>
            </full-stacktrace>
          </exception> <!-- java.lang.AssertionError -->
          <reporter-output>
          </reporter-output>
        </test-method> <!-- exchangeDeviceYesClick -->
        <test-method status="PASS" signature="aMeth()[pri:0, instance:org.samsung.pageexecution.BuyingPageExecution2@47c62251]" name="aMeth" is-config="true" duration-ms="0" started-at="2021-03-14T08:16:31Z" finished-at="2021-03-14T08:16:31Z">
          <reporter-output>
          </reporter-output>
        </test-method> <!-- aMeth -->
        <test-method status="PASS" signature="aMeth()[pri:0, instance:org.samsung.pageexecution.BuyingPageExecution2@47c62251]" name="aMeth" is-config="true" duration-ms="0" started-at="2021-03-14T08:16:31Z" finished-at="2021-03-14T08:16:31Z">
          <reporter-output>
          </reporter-output>
        </test-method> <!-- aMeth -->
        <test-method status="FAIL" signature="exchangeDeviceYesClick()[pri:0, instance:org.samsung.pageexecution.BuyingPageExecution2@47c62251]" name="exchangeDeviceYesClick" duration-ms="0" started-at="2021-03-14T08:16:31Z" finished-at="2021-03-14T08:16:31Z">
          <exception class="java.lang.AssertionError">
            <message>
              <![CDATA[expected [true] but found [false]]]>
            </message>
            <full-stacktrace>
              <![CDATA[java.lang.AssertionError: expected [true] but found [false]
at org.testng.Assert.fail(Assert.java:96)
at org.testng.Assert.failNotEquals(Assert.java:776)
at org.testng.Assert.assertTrue(Assert.java:44)
at org.testng.Assert.assertTrue(Assert.java:54)
at org.samsung.pageexecution.BuyingPageExecution2.exchangeDeviceYesClick(BuyingPageExecution2.java:40)
at sun.reflect.NativeMethodAccessorImpl.invoke0(Native Method)
at sun.reflect.NativeMethodAccessorImpl.invoke(NativeMethodAccessorImpl.java:62)
at sun.reflect.DelegatingMethodAccessorImpl.invoke(DelegatingMethodAccessorImpl.java:43)
at java.lang.reflect.Method.invoke(Method.java:498)
at org.testng.internal.MethodInvocationHelper.invokeMethod(MethodInvocationHelper.java:124)
at org.testng.internal.Invoker.invokeMethod(Invoker.java:583)
at org.testng.internal.Invoker.retryFailed(Invoker.java:839)
at org.testng.internal.Invoker.invokeTestMethods(Invoker.java:1010)
at org.testng.internal.TestMethodWorker.invokeTestMethods(TestMethodWorker.java:125)
at org.testng.internal.TestMethodWorker.run(TestMethodWorker.java:109)
at org.testng.TestRunner.privateRun(TestRunner.java:648)
at org.testng.TestRunner.run(TestRunner.java:505)
at org.testng.SuiteRunner.runTest(SuiteRunner.java:455)
at org.testng.SuiteRunner.runSequentially(SuiteRunner.java:450)
at org.testng.SuiteRunner.privateRun(SuiteRunner.java:415)
at org.testng.SuiteRunner.run(SuiteRunner.java:364)
at org.testng.SuiteRunnerWorker.runSuite(SuiteRunnerWorker.java:52)
at org.testng.SuiteRunnerWorker.run(SuiteRunnerWorker.java:84)
at org.testng.TestNG.runSuitesSequentially(TestNG.java:1208)
at org.testng.TestNG.runSuitesLocally(TestNG.java:1137)
at org.testng.TestNG.runSuites(TestNG.java:1049)
at org.testng.TestNG.run(TestNG.java:1017)
at org.testng.remote.AbstractRemoteTestNG.run(AbstractRemoteTestNG.java:132)
at org.testng.remote.RemoteTestNG.initAndRun(RemoteTestNG.java:230)
at org.testng.remote.RemoteTestNG.main(RemoteTestNG.java:76)
]]>
            </full-stacktrace>
          </exception> <!-- java.lang.AssertionError -->
          <reporter-output>
          </reporter-output>
        </test-method> <!-- exchangeDeviceYesClick -->
        <test-method status="PASS" signature="te(java.lang.String, java.lang.String, java.lang.String)[pri:0, instance:org.samsung.pageexecution.BuyingPageExecution2@47c62251]" name="te" duration-ms="0" started-at="2021-03-14T08:16:31Z" data-provider="data" finished-at="2021-03-14T08:16:31Z">
          <params>
            <param index="0">
              <value>
                <![CDATA[shahul]]>
              </value>
            </param>
            <param index="1">
              <value>
                <![CDATA[hameed]]>
              </value>
            </param>
            <param index="2">
              <value>
                <![CDATA[aiite]]>
              </value>
            </param>
          </params>
          <reporter-output>
          </reporter-output>
        </test-method> <!-- te -->
        <test-method status="PASS" signature="aMeth()[pri:0, instance:org.samsung.pageexecution.BuyingPageExecution2@47c62251]" name="aMeth" is-config="true" duration-ms="0" started-at="2021-03-14T08:16:31Z" finished-at="2021-03-14T08:16:31Z">
          <reporter-output>
          </reporter-output>
        </test-method> <!-- aMeth -->
        <test-method status="PASS" signature="meth()[pri:0, instance:org.samsung.pageexecution.BuyingPageExecution2@47c62251]" name="meth" is-config="true" duration-ms="0" started-at="2021-03-14T08:16:31Z" finished-at="2021-03-14T08:16:31Z">
          <reporter-output>
          </reporter-output>
        </test-method> <!-- meth -->
        <test-method status="PASS" signature="meth()[pri:0, instance:org.samsung.pageexecution.BuyingPageExecution2@47c62251]" name="meth" is-config="true" duration-ms="0" started-at="2021-03-14T08:16:31Z" finished-at="2021-03-14T08:16:31Z">
          <reporter-output>
          </reporter-output>
        </test-method> <!-- meth -->
        <test-method status="PASS" signature="te(java.lang.String, java.lang.String, java.lang.String)[pri:0, instance:org.samsung.pageexecution.BuyingPageExecution2@47c62251]" name="te" duration-ms="0" started-at="2021-03-14T08:16:31Z" data-provider="data" finished-at="2021-03-14T08:16:31Z">
          <params>
            <param index="0">
              <value>
                <![CDATA[vishnu]]>
              </value>
            </param>
            <param index="1">
              <value>
                <![CDATA[prasad]]>
              </value>
            </param>
            <param index="2">
              <value>
                <![CDATA[aiite]]>
              </value>
            </param>
          </params>
          <reporter-output>
          </reporter-output>
        </test-method> <!-- te -->
        <test-method status="PASS" signature="aMeth()[pri:0, instance:org.samsung.pageexecution.BuyingPageExecution2@47c62251]" name="aMeth" is-config="true" duration-ms="0" started-at="2021-03-14T08:16:31Z" finished-at="2021-03-14T08:16:31Z">
          <reporter-output>
          </reporter-output>
        </test-method> <!-- aMeth -->
        <test-method status="PASS" signature="Aclass()[pri:0, instance:org.samsung.pageexecution.BuyingPageExecution2@47c62251]" name="Aclass" is-config="true" duration-ms="0" started-at="2021-03-14T08:16:31Z" finished-at="2021-03-14T08:16:31Z">
          <reporter-output>
          </reporter-output>
        </test-method> <!-- Aclass -->
      </class> <!-- org.samsung.pageexecution.BuyingPageExecution2 -->
      <class name="org.samsung.pageexecution.BuyingPageExecution">
        <test-method status="PASS" signature="bclass()[pri:0, instance:org.samsung.pageexecution.BuyingPageExecution@6f7fd0e6]" name="bclass" is-config="true" duration-ms="16" started-at="2021-03-14T08:16:30Z" finished-at="2021-03-14T08:16:30Z">
          <reporter-output>
          </reporter-output>
        </test-method> <!-- bclass -->
        <test-method status="PASS" signature="meth()[pri:0, instance:org.samsung.pageexecution.BuyingPageExecution@6f7fd0e6]" name="meth" is-config="true" duration-ms="16" started-at="2021-03-14T08:16:30Z" finished-at="2021-03-14T08:16:30Z">
          <reporter-output>
          </reporter-output>
        </test-method> <!-- meth -->
        <test-method status="SKIP" signature="exchangeDeviceYesClose()[pri:0, instance:org.samsung.pageexecution.BuyingPageExecution@6f7fd0e6]" name="exchangeDeviceYesClose" duration-ms="63" started-at="2021-03-14T08:16:30Z" finished-at="2021-03-14T08:16:31Z">
          <exception class="java.lang.NullPointerException">
            <full-stacktrace>
              <![CDATA[java.lang.NullPointerException
at org.openqa.selenium.support.pagefactory.DefaultElementLocator.findElement(DefaultElementLocator.java:69)
at org.openqa.selenium.support.pagefactory.internal.LocatingElementHandler.invoke(LocatingElementHandler.java:38)
at com.sun.proxy.$Proxy15.click(Unknown Source)
at org.baseutil.Baseclass.click(Baseclass.java:50)
at org.samsung.pageexecution.BuyingPageExecution.exchangeDeviceYesClose(BuyingPageExecution.java:86)
at sun.reflect.NativeMethodAccessorImpl.invoke0(Native Method)
at sun.reflect.NativeMethodAccessorImpl.invoke(NativeMethodAccessorImpl.java:62)
at sun.reflect.DelegatingMethodAccessorImpl.invoke(DelegatingMethodAccessorImpl.java:43)
at java.lang.reflect.Method.invoke(Method.java:498)
at org.testng.internal.MethodInvocationHelper.invokeMethod(MethodInvocationHelper.java:124)
at org.testng.internal.Invoker.invokeMethod(Invoker.java:583)
at org.testng.internal.Invoker.invokeTestMethod(Invoker.java:719)
at org.testng.internal.Invoker.invokeTestMethods(Invoker.java:989)
at org.testng.internal.TestMethodWorker.invokeTestMethods(TestMethodWorker.java:125)
at org.testng.internal.TestMethodWorker.run(TestMethodWorker.java:109)
at org.testng.TestRunner.privateRun(TestRunner.java:648)
at org.testng.TestRunner.run(TestRunner.java:505)
at org.testng.SuiteRunner.runTest(SuiteRunner.java:455)
at org.testng.SuiteRunner.runSequentially(SuiteRunner.java:450)
at org.testng.SuiteRunner.privateRun(SuiteRunner.java:415)
at org.testng.SuiteRunner.run(SuiteRunner.java:364)
at org.testng.SuiteRunnerWorker.runSuite(SuiteRunnerWorker.java:52)
at org.testng.SuiteRunnerWorker.run(SuiteRunnerWorker.java:84)
at org.testng.TestNG.runSuitesSequentially(TestNG.java:1208)
at org.testng.TestNG.runSuitesLocally(TestNG.java:1137)
at org.testng.TestNG.runSuites(TestNG.java:1049)
at org.testng.TestNG.run(TestNG.java:1017)
at org.testng.remote.AbstractRemoteTestNG.run(AbstractRemoteTestNG.java:132)
at org.testng.remote.RemoteTestNG.initAndRun(RemoteTestNG.java:230)
at org.testng.remote.RemoteTestNG.main(RemoteTestNG.java:76)
]]>
            </full-stacktrace>
          </exception> <!-- java.lang.NullPointerException -->
          <reporter-output>
          </reporter-output>
        </test-method> <!-- exchangeDeviceYesClose -->
        <test-method status="PASS" signature="meth()[pri:0, instance:org.samsung.pageexecution.BuyingPageExecution@6f7fd0e6]" name="meth" is-config="true" duration-ms="0" started-at="2021-03-14T08:16:31Z" finished-at="2021-03-14T08:16:31Z">
          <reporter-output>
          </reporter-output>
        </test-method> <!-- meth -->
        <test-method status="SKIP" signature="exchangeDeviceYesClose()[pri:0, instance:org.samsung.pageexecution.BuyingPageExecution@6f7fd0e6]" name="exchangeDeviceYesClose" duration-ms="0" started-at="2021-03-14T08:16:31Z" finished-at="2021-03-14T08:16:31Z">
          <exception class="java.lang.NullPointerException">
            <full-stacktrace>
              <![CDATA[java.lang.NullPointerException
at org.openqa.selenium.support.pagefactory.DefaultElementLocator.findElement(DefaultElementLocator.java:69)
at org.openqa.selenium.support.pagefactory.internal.LocatingElementHandler.invoke(LocatingElementHandler.java:38)
at com.sun.proxy.$Proxy15.click(Unknown Source)
at org.baseutil.Baseclass.click(Baseclass.java:50)
at org.samsung.pageexecution.BuyingPageExecution.exchangeDeviceYesClose(BuyingPageExecution.java:86)
at sun.reflect.NativeMethodAccessorImpl.invoke0(Native Method)
at sun.reflect.NativeMethodAccessorImpl.invoke(NativeMethodAccessorImpl.java:62)
at sun.reflect.DelegatingMethodAccessorImpl.invoke(DelegatingMethodAccessorImpl.java:43)
at java.lang.reflect.Method.invoke(Method.java:498)
at org.testng.internal.MethodInvocationHelper.invokeMethod(MethodInvocationHelper.java:124)
at org.testng.internal.Invoker.invokeMethod(Invoker.java:583)
at org.testng.internal.Invoker.retryFailed(Invoker.java:839)
at org.testng.internal.Invoker.invokeTestMethods(Invoker.java:1010)
at org.testng.internal.TestMethodWorker.invokeTestMethods(TestMethodWorker.java:125)
at org.testng.internal.TestMethodWorker.run(TestMethodWorker.java:109)
at org.testng.TestRunner.privateRun(TestRunner.java:648)
at org.testng.TestRunner.run(TestRunner.java:505)
at org.testng.SuiteRunner.runTest(SuiteRunner.java:455)
at org.testng.SuiteRunner.runSequentially(SuiteRunner.java:450)
at org.testng.SuiteRunner.privateRun(SuiteRunner.java:415)
at org.testng.SuiteRunner.run(SuiteRunner.java:364)
at org.testng.SuiteRunnerWorker.runSuite(SuiteRunnerWorker.java:52)
at org.testng.SuiteRunnerWorker.run(SuiteRunnerWorker.java:84)
at org.testng.TestNG.runSuitesSequentially(TestNG.java:1208)
at org.testng.TestNG.runSuitesLocally(TestNG.java:1137)
at org.testng.TestNG.runSuites(TestNG.java:1049)
at org.testng.TestNG.run(TestNG.java:1017)
at org.testng.remote.AbstractRemoteTestNG.run(AbstractRemoteTestNG.java:132)
at org.testng.remote.RemoteTestNG.initAndRun(RemoteTestNG.java:230)
at org.testng.remote.RemoteTestNG.main(RemoteTestNG.java:76)
]]>
            </full-stacktrace>
          </exception> <!-- java.lang.NullPointerException -->
          <reporter-output>
          </reporter-output>
        </test-method> <!-- exchangeDeviceYesClose -->
        <test-method status="PASS" signature="aMeth()[pri:0, instance:org.samsung.pageexecution.BuyingPageExecution@6f7fd0e6]" name="aMeth" is-config="true" duration-ms="16" started-at="2021-03-14T08:16:31Z" finished-at="2021-03-14T08:16:31Z">
          <reporter-output>
          </reporter-output>
        </test-method> <!-- aMeth -->
        <test-method status="PASS" signature="aMeth()[pri:0, instance:org.samsung.pageexecution.BuyingPageExecution@6f7fd0e6]" name="aMeth" is-config="true" duration-ms="0" started-at="2021-03-14T08:16:31Z" finished-at="2021-03-14T08:16:31Z">
          <reporter-output>
          </reporter-output>
        </test-method> <!-- aMeth -->
        <test-method status="SKIP" signature="exchangeDeviceYesClose()[pri:0, instance:org.samsung.pageexecution.BuyingPageExecution@6f7fd0e6]" name="exchangeDeviceYesClose" duration-ms="0" started-at="2021-03-14T08:16:31Z" finished-at="2021-03-14T08:16:31Z">
          <exception class="java.lang.NullPointerException">
            <full-stacktrace>
              <![CDATA[java.lang.NullPointerException
at org.openqa.selenium.support.pagefactory.DefaultElementLocator.findElement(DefaultElementLocator.java:69)
at org.openqa.selenium.support.pagefactory.internal.LocatingElementHandler.invoke(LocatingElementHandler.java:38)
at com.sun.proxy.$Proxy15.click(Unknown Source)
at org.baseutil.Baseclass.click(Baseclass.java:50)
at org.samsung.pageexecution.BuyingPageExecution.exchangeDeviceYesClose(BuyingPageExecution.java:86)
at sun.reflect.NativeMethodAccessorImpl.invoke0(Native Method)
at sun.reflect.NativeMethodAccessorImpl.invoke(NativeMethodAccessorImpl.java:62)
at sun.reflect.DelegatingMethodAccessorImpl.invoke(DelegatingMethodAccessorImpl.java:43)
at java.lang.reflect.Method.invoke(Method.java:498)
at org.testng.internal.MethodInvocationHelper.invokeMethod(MethodInvocationHelper.java:124)
at org.testng.internal.Invoker.invokeMethod(Invoker.java:583)
at org.testng.internal.Invoker.retryFailed(Invoker.java:839)
at org.testng.internal.Invoker.invokeTestMethods(Invoker.java:1010)
at org.testng.internal.TestMethodWorker.invokeTestMethods(TestMethodWorker.java:125)
at org.testng.internal.TestMethodWorker.run(TestMethodWorker.java:109)
at org.testng.TestRunner.privateRun(TestRunner.java:648)
at org.testng.TestRunner.run(TestRunner.java:505)
at org.testng.SuiteRunner.runTest(SuiteRunner.java:455)
at org.testng.SuiteRunner.runSequentially(SuiteRunner.java:450)
at org.testng.SuiteRunner.privateRun(SuiteRunner.java:415)
at org.testng.SuiteRunner.run(SuiteRunner.java:364)
at org.testng.SuiteRunnerWorker.runSuite(SuiteRunnerWorker.java:52)
at org.testng.SuiteRunnerWorker.run(SuiteRunnerWorker.java:84)
at org.testng.TestNG.runSuitesSequentially(TestNG.java:1208)
at org.testng.TestNG.runSuitesLocally(TestNG.java:1137)
at org.testng.TestNG.runSuites(TestNG.java:1049)
at org.testng.TestNG.run(TestNG.java:1017)
at org.testng.remote.AbstractRemoteTestNG.run(AbstractRemoteTestNG.java:132)
at org.testng.remote.RemoteTestNG.initAndRun(RemoteTestNG.java:230)
at org.testng.remote.RemoteTestNG.main(RemoteTestNG.java:76)
]]>
            </full-stacktrace>
          </exception> <!-- java.lang.NullPointerException -->
          <reporter-output>
          </reporter-output>
        </test-method> <!-- exchangeDeviceYesClose -->
        <test-method status="SKIP" signature="exchangeDeviceYesClose()[pri:0, instance:org.samsung.pageexecution.BuyingPageExecution@6f7fd0e6]" name="exchangeDeviceYesClose" duration-ms="0" started-at="2021-03-14T08:16:31Z" finished-at="2021-03-14T08:16:31Z">
          <exception class="java.lang.NullPointerException">
            <full-stacktrace>
              <![CDATA[java.lang.NullPointerException
at org.openqa.selenium.support.pagefactory.DefaultElementLocator.findElement(DefaultElementLocator.java:69)
at org.openqa.selenium.support.pagefactory.internal.LocatingElementHandler.invoke(LocatingElementHandler.java:38)
at com.sun.proxy.$Proxy15.click(Unknown Source)
at org.baseutil.Baseclass.click(Baseclass.java:50)
at org.samsung.pageexecution.BuyingPageExecution.exchangeDeviceYesClose(BuyingPageExecution.java:86)
at sun.reflect.NativeMethodAccessorImpl.invoke0(Native Method)
at sun.reflect.NativeMethodAccessorImpl.invoke(NativeMethodAccessorImpl.java:62)
at sun.reflect.DelegatingMethodAccessorImpl.invoke(DelegatingMethodAccessorImpl.java:43)
at java.lang.reflect.Method.invoke(Method.java:498)
at org.testng.internal.MethodInvocationHelper.invokeMethod(MethodInvocationHelper.java:124)
at org.testng.internal.Invoker.invokeMethod(Invoker.java:583)
at org.testng.internal.Invoker.retryFailed(Invoker.java:839)
at org.testng.internal.Invoker.invokeTestMethods(Invoker.java:1010)
at org.testng.internal.TestMethodWorker.invokeTestMethods(TestMethodWorker.java:125)
at org.testng.internal.TestMethodWorker.run(TestMethodWorker.java:109)
at org.testng.TestRunner.privateRun(TestRunner.java:648)
at org.testng.TestRunner.run(TestRunner.java:505)
at org.testng.SuiteRunner.runTest(SuiteRunner.java:455)
at org.testng.SuiteRunner.runSequentially(SuiteRunner.java:450)
at org.testng.SuiteRunner.privateRun(SuiteRunner.java:415)
at org.testng.SuiteRunner.run(SuiteRunner.java:364)
at org.testng.SuiteRunnerWorker.runSuite(SuiteRunnerWorker.java:52)
at org.testng.SuiteRunnerWorker.run(SuiteRunnerWorker.java:84)
at org.testng.TestNG.runSuitesSequentially(TestNG.java:1208)
at org.testng.TestNG.runSuitesLocally(TestNG.java:1137)
at org.testng.TestNG.runSuites(TestNG.java:1049)
at org.testng.TestNG.run(TestNG.java:1017)
at org.testng.remote.AbstractRemoteTestNG.run(AbstractRemoteTestNG.java:132)
at org.testng.remote.RemoteTestNG.initAndRun(RemoteTestNG.java:230)
at org.testng.remote.RemoteTestNG.main(RemoteTestNG.java:76)
]]>
            </full-stacktrace>
          </exception> <!-- java.lang.NullPointerException -->
          <reporter-output>
          </reporter-output>
        </test-method> <!-- exchangeDeviceYesClose -->
        <test-method status="PASS" signature="aMeth()[pri:0, instance:org.samsung.pageexecution.BuyingPageExecution@6f7fd0e6]" name="aMeth" is-config="true" duration-ms="0" started-at="2021-03-14T08:16:31Z" finished-at="2021-03-14T08:16:31Z">
          <reporter-output>
          </reporter-output>
        </test-method> <!-- aMeth -->
        <test-method status="PASS" signature="meth()[pri:0, instance:org.samsung.pageexecution.BuyingPageExecution@6f7fd0e6]" name="meth" is-config="true" duration-ms="0" started-at="2021-03-14T08:16:31Z" finished-at="2021-03-14T08:16:31Z">
          <reporter-output>
          </reporter-output>
        </test-method> <!-- meth -->
        <test-method status="PASS" signature="meth()[pri:0, instance:org.samsung.pageexecution.BuyingPageExecution@6f7fd0e6]" name="meth" is-config="true" duration-ms="0" started-at="2021-03-14T08:16:31Z" finished-at="2021-03-14T08:16:31Z">
          <reporter-output>
          </reporter-output>
        </test-method> <!-- meth -->
        <test-method status="PASS" signature="aMeth()[pri:0, instance:org.samsung.pageexecution.BuyingPageExecution@6f7fd0e6]" name="aMeth" is-config="true" duration-ms="0" started-at="2021-03-14T08:16:31Z" finished-at="2021-03-14T08:16:31Z">
          <reporter-output>
          </reporter-output>
        </test-method> <!-- aMeth -->
        <test-method status="PASS" signature="meth()[pri:0, instance:org.samsung.pageexecution.BuyingPageExecution@6f7fd0e6]" name="meth" is-config="true" duration-ms="0" started-at="2021-03-14T08:16:31Z" finished-at="2021-03-14T08:16:31Z">
          <reporter-output>
          </reporter-output>
        </test-method> <!-- meth -->
        <test-method status="PASS" signature="meth()[pri:0, instance:org.samsung.pageexecution.BuyingPageExecution@6f7fd0e6]" name="meth" is-config="true" duration-ms="0" started-at="2021-03-14T08:16:31Z" finished-at="2021-03-14T08:16:31Z">
          <reporter-output>
          </reporter-output>
        </test-method> <!-- meth -->
        <test-method status="SKIP" signature="exchangeDeviceYesClose()[pri:0, instance:org.samsung.pageexecution.BuyingPageExecution@6f7fd0e6]" name="exchangeDeviceYesClose" duration-ms="0" started-at="2021-03-14T08:16:31Z" finished-at="2021-03-14T08:16:31Z">
          <exception class="java.lang.NullPointerException">
            <full-stacktrace>
              <![CDATA[java.lang.NullPointerException
at org.openqa.selenium.support.pagefactory.DefaultElementLocator.findElement(DefaultElementLocator.java:69)
at org.openqa.selenium.support.pagefactory.internal.LocatingElementHandler.invoke(LocatingElementHandler.java:38)
at com.sun.proxy.$Proxy15.click(Unknown Source)
at org.baseutil.Baseclass.click(Baseclass.java:50)
at org.samsung.pageexecution.BuyingPageExecution.exchangeDeviceYesClose(BuyingPageExecution.java:86)
at sun.reflect.NativeMethodAccessorImpl.invoke0(Native Method)
at sun.reflect.NativeMethodAccessorImpl.invoke(NativeMethodAccessorImpl.java:62)
at sun.reflect.DelegatingMethodAccessorImpl.invoke(DelegatingMethodAccessorImpl.java:43)
at java.lang.reflect.Method.invoke(Method.java:498)
at org.testng.internal.MethodInvocationHelper.invokeMethod(MethodInvocationHelper.java:124)
at org.testng.internal.Invoker.invokeMethod(Invoker.java:583)
at org.testng.internal.Invoker.retryFailed(Invoker.java:839)
at org.testng.internal.Invoker.invokeTestMethods(Invoker.java:1010)
at org.testng.internal.TestMethodWorker.invokeTestMethods(TestMethodWorker.java:125)
at org.testng.internal.TestMethodWorker.run(TestMethodWorker.java:109)
at org.testng.TestRunner.privateRun(TestRunner.java:648)
at org.testng.TestRunner.run(TestRunner.java:505)
at org.testng.SuiteRunner.runTest(SuiteRunner.java:455)
at org.testng.SuiteRunner.runSequentially(SuiteRunner.java:450)
at org.testng.SuiteRunner.privateRun(SuiteRunner.java:415)
at org.testng.SuiteRunner.run(SuiteRunner.java:364)
at org.testng.SuiteRunnerWorker.runSuite(SuiteRunnerWorker.java:52)
at org.testng.SuiteRunnerWorker.run(SuiteRunnerWorker.java:84)
at org.testng.TestNG.runSuitesSequentially(TestNG.java:1208)
at org.testng.TestNG.runSuitesLocally(TestNG.java:1137)
at org.testng.TestNG.runSuites(TestNG.java:1049)
at org.testng.TestNG.run(TestNG.java:1017)
at org.testng.remote.AbstractRemoteTestNG.run(AbstractRemoteTestNG.java:132)
at org.testng.remote.RemoteTestNG.initAndRun(RemoteTestNG.java:230)
at org.testng.remote.RemoteTestNG.main(RemoteTestNG.java:76)
]]>
            </full-stacktrace>
          </exception> <!-- java.lang.NullPointerException -->
          <reporter-output>
          </reporter-output>
        </test-method> <!-- exchangeDeviceYesClose -->
        <test-method status="SKIP" signature="exchangeDeviceYesClose()[pri:0, instance:org.samsung.pageexecution.BuyingPageExecution@6f7fd0e6]" name="exchangeDeviceYesClose" duration-ms="16" started-at="2021-03-14T08:16:31Z" finished-at="2021-03-14T08:16:31Z">
          <exception class="java.lang.NullPointerException">
            <full-stacktrace>
              <![CDATA[java.lang.NullPointerException
at org.openqa.selenium.support.pagefactory.DefaultElementLocator.findElement(DefaultElementLocator.java:69)
at org.openqa.selenium.support.pagefactory.internal.LocatingElementHandler.invoke(LocatingElementHandler.java:38)
at com.sun.proxy.$Proxy15.click(Unknown Source)
at org.baseutil.Baseclass.click(Baseclass.java:50)
at org.samsung.pageexecution.BuyingPageExecution.exchangeDeviceYesClose(BuyingPageExecution.java:86)
at sun.reflect.NativeMethodAccessorImpl.invoke0(Native Method)
at sun.reflect.NativeMethodAccessorImpl.invoke(NativeMethodAccessorImpl.java:62)
at sun.reflect.DelegatingMethodAccessorImpl.invoke(DelegatingMethodAccessorImpl.java:43)
at java.lang.reflect.Method.invoke(Method.java:498)
at org.testng.internal.MethodInvocationHelper.invokeMethod(MethodInvocationHelper.java:124)
at org.testng.internal.Invoker.invokeMethod(Invoker.java:583)
at org.testng.internal.Invoker.retryFailed(Invoker.java:839)
at org.testng.internal.Invoker.invokeTestMethods(Invoker.java:1010)
at org.testng.internal.TestMethodWorker.invokeTestMethods(TestMethodWorker.java:125)
at org.testng.internal.TestMethodWorker.run(TestMethodWorker.java:109)
at org.testng.TestRunner.privateRun(TestRunner.java:648)
at org.testng.TestRunner.run(TestRunner.java:505)
at org.testng.SuiteRunner.runTest(SuiteRunner.java:455)
at org.testng.SuiteRunner.runSequentially(SuiteRunner.java:450)
at org.testng.SuiteRunner.privateRun(SuiteRunner.java:415)
at org.testng.SuiteRunner.run(SuiteRunner.java:364)
at org.testng.SuiteRunnerWorker.runSuite(SuiteRunnerWorker.java:52)
at org.testng.SuiteRunnerWorker.run(SuiteRunnerWorker.java:84)
at org.testng.TestNG.runSuitesSequentially(TestNG.java:1208)
at org.testng.TestNG.runSuitesLocally(TestNG.java:1137)
at org.testng.TestNG.runSuites(TestNG.java:1049)
at org.testng.TestNG.run(TestNG.java:1017)
at org.testng.remote.AbstractRemoteTestNG.run(AbstractRemoteTestNG.java:132)
at org.testng.remote.RemoteTestNG.initAndRun(RemoteTestNG.java:230)
at org.testng.remote.RemoteTestNG.main(RemoteTestNG.java:76)
]]>
            </full-stacktrace>
          </exception> <!-- java.lang.NullPointerException -->
          <reporter-output>
          </reporter-output>
        </test-method> <!-- exchangeDeviceYesClose -->
        <test-method status="PASS" signature="aMeth()[pri:0, instance:org.samsung.pageexecution.BuyingPageExecution@6f7fd0e6]" name="aMeth" is-config="true" duration-ms="0" started-at="2021-03-14T08:16:31Z" finished-at="2021-03-14T08:16:31Z">
          <reporter-output>
          </reporter-output>
        </test-method> <!-- aMeth -->
        <test-method status="SKIP" signature="exchangeDeviceYesClose()[pri:0, instance:org.samsung.pageexecution.BuyingPageExecution@6f7fd0e6]" name="exchangeDeviceYesClose" duration-ms="0" started-at="2021-03-14T08:16:31Z" finished-at="2021-03-14T08:16:31Z">
          <exception class="java.lang.NullPointerException">
            <full-stacktrace>
              <![CDATA[java.lang.NullPointerException
at org.openqa.selenium.support.pagefactory.DefaultElementLocator.findElement(DefaultElementLocator.java:69)
at org.openqa.selenium.support.pagefactory.internal.LocatingElementHandler.invoke(LocatingElementHandler.java:38)
at com.sun.proxy.$Proxy15.click(Unknown Source)
at org.baseutil.Baseclass.click(Baseclass.java:50)
at org.samsung.pageexecution.BuyingPageExecution.exchangeDeviceYesClose(BuyingPageExecution.java:86)
at sun.reflect.NativeMethodAccessorImpl.invoke0(Native Method)
at sun.reflect.NativeMethodAccessorImpl.invoke(NativeMethodAccessorImpl.java:62)
at sun.reflect.DelegatingMethodAccessorImpl.invoke(DelegatingMethodAccessorImpl.java:43)
at java.lang.reflect.Method.invoke(Method.java:498)
at org.testng.internal.MethodInvocationHelper.invokeMethod(MethodInvocationHelper.java:124)
at org.testng.internal.Invoker.invokeMethod(Invoker.java:583)
at org.testng.internal.Invoker.retryFailed(Invoker.java:839)
at org.testng.internal.Invoker.invokeTestMethods(Invoker.java:1010)
at org.testng.internal.TestMethodWorker.invokeTestMethods(TestMethodWorker.java:125)
at org.testng.internal.TestMethodWorker.run(TestMethodWorker.java:109)
at org.testng.TestRunner.privateRun(TestRunner.java:648)
at org.testng.TestRunner.run(TestRunner.java:505)
at org.testng.SuiteRunner.runTest(SuiteRunner.java:455)
at org.testng.SuiteRunner.runSequentially(SuiteRunner.java:450)
at org.testng.SuiteRunner.privateRun(SuiteRunner.java:415)
at org.testng.SuiteRunner.run(SuiteRunner.java:364)
at org.testng.SuiteRunnerWorker.runSuite(SuiteRunnerWorker.java:52)
at org.testng.SuiteRunnerWorker.run(SuiteRunnerWorker.java:84)
at org.testng.TestNG.runSuitesSequentially(TestNG.java:1208)
at org.testng.TestNG.runSuitesLocally(TestNG.java:1137)
at org.testng.TestNG.runSuites(TestNG.java:1049)
at org.testng.TestNG.run(TestNG.java:1017)
at org.testng.remote.AbstractRemoteTestNG.run(AbstractRemoteTestNG.java:132)
at org.testng.remote.RemoteTestNG.initAndRun(RemoteTestNG.java:230)
at org.testng.remote.RemoteTestNG.main(RemoteTestNG.java:76)
]]>
            </full-stacktrace>
          </exception> <!-- java.lang.NullPointerException -->
          <reporter-output>
          </reporter-output>
        </test-method> <!-- exchangeDeviceYesClose -->
        <test-method status="PASS" signature="aMeth()[pri:0, instance:org.samsung.pageexecution.BuyingPageExecution@6f7fd0e6]" name="aMeth" is-config="true" duration-ms="0" started-at="2021-03-14T08:16:31Z" finished-at="2021-03-14T08:16:31Z">
          <reporter-output>
          </reporter-output>
        </test-method> <!-- aMeth -->
        <test-method status="PASS" signature="meth()[pri:0, instance:org.samsung.pageexecution.BuyingPageExecution@6f7fd0e6]" name="meth" is-config="true" duration-ms="0" started-at="2021-03-14T08:16:31Z" finished-at="2021-03-14T08:16:31Z">
          <reporter-output>
          </reporter-output>
        </test-method> <!-- meth -->
        <test-method status="PASS" signature="aMeth()[pri:0, instance:org.samsung.pageexecution.BuyingPageExecution@6f7fd0e6]" name="aMeth" is-config="true" duration-ms="0" started-at="2021-03-14T08:16:31Z" finished-at="2021-03-14T08:16:31Z">
          <reporter-output>
          </reporter-output>
        </test-method> <!-- aMeth -->
        <test-method status="PASS" signature="meth()[pri:0, instance:org.samsung.pageexecution.BuyingPageExecution@6f7fd0e6]" name="meth" is-config="true" duration-ms="0" started-at="2021-03-14T08:16:31Z" finished-at="2021-03-14T08:16:31Z">
          <reporter-output>
          </reporter-output>
        </test-method> <!-- meth -->
        <test-method status="SKIP" signature="exchangeDeviceYesClose()[pri:0, instance:org.samsung.pageexecution.BuyingPageExecution@6f7fd0e6]" name="exchangeDeviceYesClose" duration-ms="15" started-at="2021-03-14T08:16:31Z" finished-at="2021-03-14T08:16:31Z">
          <exception class="java.lang.NullPointerException">
            <full-stacktrace>
              <![CDATA[java.lang.NullPointerException
at org.openqa.selenium.support.pagefactory.DefaultElementLocator.findElement(DefaultElementLocator.java:69)
at org.openqa.selenium.support.pagefactory.internal.LocatingElementHandler.invoke(LocatingElementHandler.java:38)
at com.sun.proxy.$Proxy15.click(Unknown Source)
at org.baseutil.Baseclass.click(Baseclass.java:50)
at org.samsung.pageexecution.BuyingPageExecution.exchangeDeviceYesClose(BuyingPageExecution.java:86)
at sun.reflect.NativeMethodAccessorImpl.invoke0(Native Method)
at sun.reflect.NativeMethodAccessorImpl.invoke(NativeMethodAccessorImpl.java:62)
at sun.reflect.DelegatingMethodAccessorImpl.invoke(DelegatingMethodAccessorImpl.java:43)
at java.lang.reflect.Method.invoke(Method.java:498)
at org.testng.internal.MethodInvocationHelper.invokeMethod(MethodInvocationHelper.java:124)
at org.testng.internal.Invoker.invokeMethod(Invoker.java:583)
at org.testng.internal.Invoker.retryFailed(Invoker.java:839)
at org.testng.internal.Invoker.invokeTestMethods(Invoker.java:1010)
at org.testng.internal.TestMethodWorker.invokeTestMethods(TestMethodWorker.java:125)
at org.testng.internal.TestMethodWorker.run(TestMethodWorker.java:109)
at org.testng.TestRunner.privateRun(TestRunner.java:648)
at org.testng.TestRunner.run(TestRunner.java:505)
at org.testng.SuiteRunner.runTest(SuiteRunner.java:455)
at org.testng.SuiteRunner.runSequentially(SuiteRunner.java:450)
at org.testng.SuiteRunner.privateRun(SuiteRunner.java:415)
at org.testng.SuiteRunner.run(SuiteRunner.java:364)
at org.testng.SuiteRunnerWorker.runSuite(SuiteRunnerWorker.java:52)
at org.testng.SuiteRunnerWorker.run(SuiteRunnerWorker.java:84)
at org.testng.TestNG.runSuitesSequentially(TestNG.java:1208)
at org.testng.TestNG.runSuitesLocally(TestNG.java:1137)
at org.testng.TestNG.runSuites(TestNG.java:1049)
at org.testng.TestNG.run(TestNG.java:1017)
at org.testng.remote.AbstractRemoteTestNG.run(AbstractRemoteTestNG.java:132)
at org.testng.remote.RemoteTestNG.initAndRun(RemoteTestNG.java:230)
at org.testng.remote.RemoteTestNG.main(RemoteTestNG.java:76)
]]>
            </full-stacktrace>
          </exception> <!-- java.lang.NullPointerException -->
          <reporter-output>
          </reporter-output>
        </test-method> <!-- exchangeDeviceYesClose -->
        <test-method status="PASS" signature="aMeth()[pri:0, instance:org.samsung.pageexecution.BuyingPageExecution@6f7fd0e6]" name="aMeth" is-config="true" duration-ms="0" started-at="2021-03-14T08:16:31Z" finished-at="2021-03-14T08:16:31Z">
          <reporter-output>
          </reporter-output>
        </test-method> <!-- aMeth -->
        <test-method status="PASS" signature="meth()[pri:0, instance:org.samsung.pageexecution.BuyingPageExecution@6f7fd0e6]" name="meth" is-config="true" duration-ms="0" started-at="2021-03-14T08:16:31Z" finished-at="2021-03-14T08:16:31Z">
          <reporter-output>
          </reporter-output>
        </test-method> <!-- meth -->
        <test-method status="SKIP" signature="exchangeDeviceYesClose()[pri:0, instance:org.samsung.pageexecution.BuyingPageExecution@6f7fd0e6]" name="exchangeDeviceYesClose" duration-ms="16" started-at="2021-03-14T08:16:31Z" finished-at="2021-03-14T08:16:31Z">
          <exception class="java.lang.NullPointerException">
            <full-stacktrace>
              <![CDATA[java.lang.NullPointerException
at org.openqa.selenium.support.pagefactory.DefaultElementLocator.findElement(DefaultElementLocator.java:69)
at org.openqa.selenium.support.pagefactory.internal.LocatingElementHandler.invoke(LocatingElementHandler.java:38)
at com.sun.proxy.$Proxy15.click(Unknown Source)
at org.baseutil.Baseclass.click(Baseclass.java:50)
at org.samsung.pageexecution.BuyingPageExecution.exchangeDeviceYesClose(BuyingPageExecution.java:86)
at sun.reflect.NativeMethodAccessorImpl.invoke0(Native Method)
at sun.reflect.NativeMethodAccessorImpl.invoke(NativeMethodAccessorImpl.java:62)
at sun.reflect.DelegatingMethodAccessorImpl.invoke(DelegatingMethodAccessorImpl.java:43)
at java.lang.reflect.Method.invoke(Method.java:498)
at org.testng.internal.MethodInvocationHelper.invokeMethod(MethodInvocationHelper.java:124)
at org.testng.internal.Invoker.invokeMethod(Invoker.java:583)
at org.testng.internal.Invoker.retryFailed(Invoker.java:839)
at org.testng.internal.Invoker.invokeTestMethods(Invoker.java:1010)
at org.testng.internal.TestMethodWorker.invokeTestMethods(TestMethodWorker.java:125)
at org.testng.internal.TestMethodWorker.run(TestMethodWorker.java:109)
at org.testng.TestRunner.privateRun(TestRunner.java:648)
at org.testng.TestRunner.run(TestRunner.java:505)
at org.testng.SuiteRunner.runTest(SuiteRunner.java:455)
at org.testng.SuiteRunner.runSequentially(SuiteRunner.java:450)
at org.testng.SuiteRunner.privateRun(SuiteRunner.java:415)
at org.testng.SuiteRunner.run(SuiteRunner.java:364)
at org.testng.SuiteRunnerWorker.runSuite(SuiteRunnerWorker.java:52)
at org.testng.SuiteRunnerWorker.run(SuiteRunnerWorker.java:84)
at org.testng.TestNG.runSuitesSequentially(TestNG.java:1208)
at org.testng.TestNG.runSuitesLocally(TestNG.java:1137)
at org.testng.TestNG.runSuites(TestNG.java:1049)
at org.testng.TestNG.run(TestNG.java:1017)
at org.testng.remote.AbstractRemoteTestNG.run(AbstractRemoteTestNG.java:132)
at org.testng.remote.RemoteTestNG.initAndRun(RemoteTestNG.java:230)
at org.testng.remote.RemoteTestNG.main(RemoteTestNG.java:76)
]]>
            </full-stacktrace>
          </exception> <!-- java.lang.NullPointerException -->
          <reporter-output>
          </reporter-output>
        </test-method> <!-- exchangeDeviceYesClose -->
        <test-method status="PASS" signature="meth()[pri:0, instance:org.samsung.pageexecution.BuyingPageExecution@6f7fd0e6]" name="meth" is-config="true" duration-ms="0" started-at="2021-03-14T08:16:31Z" finished-at="2021-03-14T08:16:31Z">
          <reporter-output>
          </reporter-output>
        </test-method> <!-- meth -->
        <test-method status="PASS" signature="aMeth()[pri:0, instance:org.samsung.pageexecution.BuyingPageExecution@6f7fd0e6]" name="aMeth" is-config="true" duration-ms="0" started-at="2021-03-14T08:16:31Z" finished-at="2021-03-14T08:16:31Z">
          <reporter-output>
          </reporter-output>
        </test-method> <!-- aMeth -->
        <test-method status="SKIP" signature="exchangeDeviceYesClose()[pri:0, instance:org.samsung.pageexecution.BuyingPageExecution@6f7fd0e6]" name="exchangeDeviceYesClose" duration-ms="0" started-at="2021-03-14T08:16:31Z" finished-at="2021-03-14T08:16:31Z">
          <exception class="java.lang.NullPointerException">
            <full-stacktrace>
              <![CDATA[java.lang.NullPointerException
at org.openqa.selenium.support.pagefactory.DefaultElementLocator.findElement(DefaultElementLocator.java:69)
at org.openqa.selenium.support.pagefactory.internal.LocatingElementHandler.invoke(LocatingElementHandler.java:38)
at com.sun.proxy.$Proxy15.click(Unknown Source)
at org.baseutil.Baseclass.click(Baseclass.java:50)
at org.samsung.pageexecution.BuyingPageExecution.exchangeDeviceYesClose(BuyingPageExecution.java:86)
at sun.reflect.NativeMethodAccessorImpl.invoke0(Native Method)
at sun.reflect.NativeMethodAccessorImpl.invoke(NativeMethodAccessorImpl.java:62)
at sun.reflect.DelegatingMethodAccessorImpl.invoke(DelegatingMethodAccessorImpl.java:43)
at java.lang.reflect.Method.invoke(Method.java:498)
at org.testng.internal.MethodInvocationHelper.invokeMethod(MethodInvocationHelper.java:124)
at org.testng.internal.Invoker.invokeMethod(Invoker.java:583)
at org.testng.internal.Invoker.retryFailed(Invoker.java:839)
at org.testng.internal.Invoker.invokeTestMethods(Invoker.java:1010)
at org.testng.internal.TestMethodWorker.invokeTestMethods(TestMethodWorker.java:125)
at org.testng.internal.TestMethodWorker.run(TestMethodWorker.java:109)
at org.testng.TestRunner.privateRun(TestRunner.java:648)
at org.testng.TestRunner.run(TestRunner.java:505)
at org.testng.SuiteRunner.runTest(SuiteRunner.java:455)
at org.testng.SuiteRunner.runSequentially(SuiteRunner.java:450)
at org.testng.SuiteRunner.privateRun(SuiteRunner.java:415)
at org.testng.SuiteRunner.run(SuiteRunner.java:364)
at org.testng.SuiteRunnerWorker.runSuite(SuiteRunnerWorker.java:52)
at org.testng.SuiteRunnerWorker.run(SuiteRunnerWorker.java:84)
at org.testng.TestNG.runSuitesSequentially(TestNG.java:1208)
at org.testng.TestNG.runSuitesLocally(TestNG.java:1137)
at org.testng.TestNG.runSuites(TestNG.java:1049)
at org.testng.TestNG.run(TestNG.java:1017)
at org.testng.remote.AbstractRemoteTestNG.run(AbstractRemoteTestNG.java:132)
at org.testng.remote.RemoteTestNG.initAndRun(RemoteTestNG.java:230)
at org.testng.remote.RemoteTestNG.main(RemoteTestNG.java:76)
]]>
            </full-stacktrace>
          </exception> <!-- java.lang.NullPointerException -->
          <reporter-output>
          </reporter-output>
        </test-method> <!-- exchangeDeviceYesClose -->
        <test-method status="FAIL" signature="exchangeDeviceYesClose()[pri:0, instance:org.samsung.pageexecution.BuyingPageExecution@6f7fd0e6]" name="exchangeDeviceYesClose" duration-ms="0" started-at="2021-03-14T08:16:31Z" finished-at="2021-03-14T08:16:31Z">
          <exception class="java.lang.NullPointerException">
            <full-stacktrace>
              <![CDATA[java.lang.NullPointerException
at org.openqa.selenium.support.pagefactory.DefaultElementLocator.findElement(DefaultElementLocator.java:69)
at org.openqa.selenium.support.pagefactory.internal.LocatingElementHandler.invoke(LocatingElementHandler.java:38)
at com.sun.proxy.$Proxy15.click(Unknown Source)
at org.baseutil.Baseclass.click(Baseclass.java:50)
at org.samsung.pageexecution.BuyingPageExecution.exchangeDeviceYesClose(BuyingPageExecution.java:86)
at sun.reflect.NativeMethodAccessorImpl.invoke0(Native Method)
at sun.reflect.NativeMethodAccessorImpl.invoke(NativeMethodAccessorImpl.java:62)
at sun.reflect.DelegatingMethodAccessorImpl.invoke(DelegatingMethodAccessorImpl.java:43)
at java.lang.reflect.Method.invoke(Method.java:498)
at org.testng.internal.MethodInvocationHelper.invokeMethod(MethodInvocationHelper.java:124)
at org.testng.internal.Invoker.invokeMethod(Invoker.java:583)
at org.testng.internal.Invoker.retryFailed(Invoker.java:839)
at org.testng.internal.Invoker.invokeTestMethods(Invoker.java:1010)
at org.testng.internal.TestMethodWorker.invokeTestMethods(TestMethodWorker.java:125)
at org.testng.internal.TestMethodWorker.run(TestMethodWorker.java:109)
at org.testng.TestRunner.privateRun(TestRunner.java:648)
at org.testng.TestRunner.run(TestRunner.java:505)
at org.testng.SuiteRunner.runTest(SuiteRunner.java:455)
at org.testng.SuiteRunner.runSequentially(SuiteRunner.java:450)
at org.testng.SuiteRunner.privateRun(SuiteRunner.java:415)
at org.testng.SuiteRunner.run(SuiteRunner.java:364)
at org.testng.SuiteRunnerWorker.runSuite(SuiteRunnerWorker.java:52)
at org.testng.SuiteRunnerWorker.run(SuiteRunnerWorker.java:84)
at org.testng.TestNG.runSuitesSequentially(TestNG.java:1208)
at org.testng.TestNG.runSuitesLocally(TestNG.java:1137)
at org.testng.TestNG.runSuites(TestNG.java:1049)
at org.testng.TestNG.run(TestNG.java:1017)
at org.testng.remote.AbstractRemoteTestNG.run(AbstractRemoteTestNG.java:132)
at org.testng.remote.RemoteTestNG.initAndRun(RemoteTestNG.java:230)
at org.testng.remote.RemoteTestNG.main(RemoteTestNG.java:76)
]]>
            </full-stacktrace>
          </exception> <!-- java.lang.NullPointerException -->
          <reporter-output>
          </reporter-output>
        </test-method> <!-- exchangeDeviceYesClose -->
        <test-method status="PASS" signature="aMeth()[pri:0, instance:org.samsung.pageexecution.BuyingPageExecution@6f7fd0e6]" name="aMeth" is-config="true" duration-ms="16" started-at="2021-03-14T08:16:31Z" finished-at="2021-03-14T08:16:31Z">
          <reporter-output>
          </reporter-output>
        </test-method> <!-- aMeth -->
        <test-method status="PASS" signature="meth()[pri:0, instance:org.samsung.pageexecution.BuyingPageExecution@6f7fd0e6]" name="meth" is-config="true" duration-ms="0" started-at="2021-03-14T08:16:31Z" finished-at="2021-03-14T08:16:31Z">
          <reporter-output>
          </reporter-output>
        </test-method> <!-- meth -->
        <test-method status="PASS" signature="aMeth()[pri:0, instance:org.samsung.pageexecution.BuyingPageExecution@6f7fd0e6]" name="aMeth" is-config="true" duration-ms="0" started-at="2021-03-14T08:16:31Z" finished-at="2021-03-14T08:16:31Z">
          <reporter-output>
          </reporter-output>
        </test-method> <!-- aMeth -->
        <test-method status="FAIL" signature="te(java.lang.String, java.lang.String, java.lang.String)[pri:0, instance:org.samsung.pageexecution.BuyingPageExecution@6f7fd0e6]" name="te" duration-ms="0" started-at="2021-03-14T08:16:31Z" finished-at="2021-03-14T08:16:31Z">
          <exception class="org.testng.TestNGException">
            <message>
              <![CDATA[
Cannot inject @Test annotated Method [te] with [class java.lang.String, class java.lang.String, class java.lang.String].
For more information on native dependency injection please refer to http://testng.org/doc/documentation-main.html#native-dependency-injection]]>
            </message>
            <full-stacktrace>
              <![CDATA[org.testng.TestNGException: 
Cannot inject @Test annotated Method [te] with [class java.lang.String, class java.lang.String, class java.lang.String].
For more information on native dependency injection please refer to http://testng.org/doc/documentation-main.html#native-dependency-injection
at org.testng.internal.Parameters.checkParameterTypes(Parameters.java:407)
at org.testng.internal.Parameters.createParametersForMethod(Parameters.java:356)
at org.testng.internal.Parameters.createParameters(Parameters.java:635)
at org.testng.internal.Parameters.handleParameters(Parameters.java:769)
at org.testng.internal.ParameterHandler.handleParameters(ParameterHandler.java:49)
at org.testng.internal.ParameterHandler.createParameters(ParameterHandler.java:37)
at org.testng.internal.Invoker.invokeTestMethods(Invoker.java:924)
at org.testng.internal.TestMethodWorker.invokeTestMethods(TestMethodWorker.java:125)
at org.testng.internal.TestMethodWorker.run(TestMethodWorker.java:109)
at org.testng.TestRunner.privateRun(TestRunner.java:648)
at org.testng.TestRunner.run(TestRunner.java:505)
at org.testng.SuiteRunner.runTest(SuiteRunner.java:455)
at org.testng.SuiteRunner.runSequentially(SuiteRunner.java:450)
at org.testng.SuiteRunner.privateRun(SuiteRunner.java:415)
at org.testng.SuiteRunner.run(SuiteRunner.java:364)
at org.testng.SuiteRunnerWorker.runSuite(SuiteRunnerWorker.java:52)
at org.testng.SuiteRunnerWorker.run(SuiteRunnerWorker.java:84)
at org.testng.TestNG.runSuitesSequentially(TestNG.java:1208)
at org.testng.TestNG.runSuitesLocally(TestNG.java:1137)
at org.testng.TestNG.runSuites(TestNG.java:1049)
at org.testng.TestNG.run(TestNG.java:1017)
at org.testng.remote.AbstractRemoteTestNG.run(AbstractRemoteTestNG.java:132)
at org.testng.remote.RemoteTestNG.initAndRun(RemoteTestNG.java:230)
at org.testng.remote.RemoteTestNG.main(RemoteTestNG.java:76)
]]>
            </full-stacktrace>
          </exception> <!-- org.testng.TestNGException -->
          <reporter-output>
          </reporter-output>
        </test-method> <!-- te -->
        <test-method status="PASS" signature="tel(java.lang.String, java.lang.String, java.lang.String)[pri:0, instance:org.samsung.pageexecution.BuyingPageExecution@6f7fd0e6]" name="tel" duration-ms="15" started-at="2021-03-14T08:16:31Z" data-provider="data" finished-at="2021-03-14T08:16:31Z">
          <params>
            <param index="0">
              <value>
                <![CDATA[shahul]]>
              </value>
            </param>
            <param index="1">
              <value>
                <![CDATA[hameed]]>
              </value>
            </param>
            <param index="2">
              <value>
                <![CDATA[aiite]]>
              </value>
            </param>
          </params>
          <reporter-output>
          </reporter-output>
        </test-method> <!-- tel -->
        <test-method status="PASS" signature="meth()[pri:0, instance:org.samsung.pageexecution.BuyingPageExecution@6f7fd0e6]" name="meth" is-config="true" duration-ms="0" started-at="2021-03-14T08:16:31Z" finished-at="2021-03-14T08:16:31Z">
          <reporter-output>
          </reporter-output>
        </test-method> <!-- meth -->
        <test-method status="PASS" signature="meth()[pri:0, instance:org.samsung.pageexecution.BuyingPageExecution@6f7fd0e6]" name="meth" is-config="true" duration-ms="0" started-at="2021-03-14T08:16:31Z" finished-at="2021-03-14T08:16:31Z">
          <reporter-output>
          </reporter-output>
        </test-method> <!-- meth -->
        <test-method status="PASS" signature="tel(java.lang.String, java.lang.String, java.lang.String)[pri:0, instance:org.samsung.pageexecution.BuyingPageExecution@6f7fd0e6]" name="tel" duration-ms="12" started-at="2021-03-14T08:16:31Z" data-provider="data" finished-at="2021-03-14T08:16:31Z">
          <params>
            <param index="0">
              <value>
                <![CDATA[vishnu]]>
              </value>
            </param>
            <param index="1">
              <value>
                <![CDATA[prasad]]>
              </value>
            </param>
            <param index="2">
              <value>
                <![CDATA[aiite]]>
              </value>
            </param>
          </params>
          <reporter-output>
          </reporter-output>
        </test-method> <!-- tel -->
        <test-method status="PASS" signature="aMeth()[pri:0, instance:org.samsung.pageexecution.BuyingPageExecution@6f7fd0e6]" name="aMeth" is-config="true" duration-ms="0" started-at="2021-03-14T08:16:31Z" finished-at="2021-03-14T08:16:31Z">
          <reporter-output>
          </reporter-output>
        </test-method> <!-- aMeth -->
        <test-method status="PASS" signature="aMeth()[pri:0, instance:org.samsung.pageexecution.BuyingPageExecution@6f7fd0e6]" name="aMeth" is-config="true" duration-ms="0" started-at="2021-03-14T08:16:31Z" finished-at="2021-03-14T08:16:31Z">
          <reporter-output>
          </reporter-output>
        </test-method> <!-- aMeth -->
        <test-method status="PASS" signature="Aclass()[pri:0, instance:org.samsung.pageexecution.BuyingPageExecution@6f7fd0e6]" name="Aclass" is-config="true" duration-ms="0" started-at="2021-03-14T08:16:31Z" finished-at="2021-03-14T08:16:31Z">
          <reporter-output>
          </reporter-output>
        </test-method> <!-- Aclass -->
        <test-method status="PASS" signature="Atest()[pri:0, instance:org.samsung.pageexecution.BuyingPageExecution2@47c62251]" name="Atest" is-config="true" duration-ms="0" started-at="2021-03-14T08:16:31Z" finished-at="2021-03-14T08:16:31Z">
          <reporter-output>
          </reporter-output>
        </test-method> <!-- Atest -->
        <test-method status="PASS" signature="Atest()[pri:0, instance:org.samsung.pageexecution.BuyingPageExecution@6f7fd0e6]" name="Atest" is-config="true" duration-ms="0" started-at="2021-03-14T08:16:31Z" finished-at="2021-03-14T08:16:31Z">
          <reporter-output>
          </reporter-output>
        </test-method> <!-- Atest -->
        <test-method status="PASS" signature="afterSuite()[pri:0, instance:org.samsung.pageexecution.BuyingPageExecution@6f7fd0e6]" name="afterSuite" is-config="true" duration-ms="0" started-at="2021-03-14T08:16:31Z" finished-at="2021-03-14T08:16:31Z">
          <reporter-output>
          </reporter-output>
        </test-method> <!-- afterSuite -->
        <test-method status="PASS" signature="afterSuite()[pri:0, instance:org.samsung.pageexecution.BuyingPageExecution2@47c62251]" name="afterSuite" is-config="true" duration-ms="0" started-at="2021-03-14T08:16:31Z" finished-at="2021-03-14T08:16:31Z">
          <reporter-output>
          </reporter-output>
        </test-method> <!-- afterSuite -->
      </class> <!-- org.samsung.pageexecution.BuyingPageExecution -->
    </test> <!-- Test -->
  </suite> <!-- Suite -->
</testng-results>
