<?xml version="1.0" encoding="UTF-8"?>
<!-- Generated by org.testng.reporters.JUnitReportReporter -->
<testsuite skipped="11" hostname="LAPTOP-3DA4SQB3" name="org.samsung.pageexecution.BuyingPageExecution" tests="15" failures="0" timestamp="14 Mar 2021 08:16:31 GMT" time="0.185" errors="2">
  <testcase name="exchangeDeviceYesClose" time="0.016" classname="org.samsung.pageexecution.BuyingPageExecution">
    <error type="java.lang.NullPointerException">
      <![CDATA[java.lang.NullPointerException
at org.openqa.selenium.support.pagefactory.DefaultElementLocator.findElement(DefaultElementLocator.java:69)
at org.openqa.selenium.support.pagefactory.internal.LocatingElementHandler.invoke(LocatingElementHandler.java:38)
at com.sun.proxy.$Proxy15.click(Unknown Source)
at org.baseutil.Baseclass.click(Baseclass.java:50)
at org.samsung.pageexecution.BuyingPageExecution.exchangeDeviceYesClose(BuyingPageExecution.java:86)
at sun.reflect.NativeMethodAccessorImpl.invoke0(Native Method)
at sun.reflect.NativeMethodAccessorImpl.invoke(NativeMethodAccessorImpl.java:62)
at sun.reflect.DelegatingMethodAccessorImpl.invoke(DelegatingMethodAccessorImpl.java:43)
at java.lang.reflect.Method.invoke(Method.java:498)
at org.testng.internal.MethodInvocationHelper.invokeMethod(MethodInvocationHelper.java:124)
at org.testng.internal.Invoker.invokeMethod(Invoker.java:583)
at org.testng.internal.Invoker.retryFailed(Invoker.java:839)
at org.testng.internal.Invoker.invokeTestMethods(Invoker.java:1010)
at org.testng.internal.TestMethodWorker.invokeTestMethods(TestMethodWorker.java:125)
at org.testng.internal.TestMethodWorker.run(TestMethodWorker.java:109)
at org.testng.TestRunner.privateRun(TestRunner.java:648)
at org.testng.TestRunner.run(TestRunner.java:505)
at org.testng.SuiteRunner.runTest(SuiteRunner.java:455)
at org.testng.SuiteRunner.runSequentially(SuiteRunner.java:450)
at org.testng.SuiteRunner.privateRun(SuiteRunner.java:415)
at org.testng.SuiteRunner.run(SuiteRunner.java:364)
at org.testng.SuiteRunnerWorker.runSuite(SuiteRunnerWorker.java:52)
at org.testng.SuiteRunnerWorker.run(SuiteRunnerWorker.java:84)
at org.testng.TestNG.runSuitesSequentially(TestNG.java:1208)
at org.testng.TestNG.runSuitesLocally(TestNG.java:1137)
at org.testng.TestNG.runSuites(TestNG.java:1049)
at org.testng.TestNG.run(TestNG.java:1017)
at org.testng.remote.AbstractRemoteTestNG.run(AbstractRemoteTestNG.java:132)
at org.testng.remote.RemoteTestNG.initAndRun(RemoteTestNG.java:230)
at org.testng.remote.RemoteTestNG.main(RemoteTestNG.java:76)
]]>
    </error>
  </testcase> <!-- exchangeDeviceYesClose -->
  <testcase name="exchangeDeviceYesClose" time="0.000" classname="org.samsung.pageexecution.BuyingPageExecution">
    <skipped/>
  </testcase> <!-- exchangeDeviceYesClose -->
  <testcase name="exchangeDeviceYesClose" time="0.016" classname="org.samsung.pageexecution.BuyingPageExecution">
    <skipped/>
  </testcase> <!-- exchangeDeviceYesClose -->
  <testcase name="exchangeDeviceYesClose" time="0.031" classname="org.samsung.pageexecution.BuyingPageExecution">
    <skipped/>
  </testcase> <!-- exchangeDeviceYesClose -->
  <testcase name="tel" time="0.012" classname="org.samsung.pageexecution.BuyingPageExecution"/>
  <testcase name="exchangeDeviceYesClose" time="0.063" classname="org.samsung.pageexecution.BuyingPageExecution">
    <skipped/>
  </testcase> <!-- exchangeDeviceYesClose -->
  <testcase name="exchangeDeviceYesClose" time="0.000" classname="org.samsung.pageexecution.BuyingPageExecution">
    <skipped/>
  </testcase> <!-- exchangeDeviceYesClose -->
  <testcase name="exchangeDeviceYesClose" time="0.016" classname="org.samsung.pageexecution.BuyingPageExecution">
    <skipped/>
  </testcase> <!-- exchangeDeviceYesClose -->
  <testcase name="exchangeDeviceYesClose" time="0.016" classname="org.samsung.pageexecution.BuyingPageExecution">
    <skipped/>
  </testcase> <!-- exchangeDeviceYesClose -->
  <testcase name="exchangeDeviceYesClose" time="0.000" classname="org.samsung.pageexecution.BuyingPageExecution">
    <skipped/>
  </testcase> <!-- exchangeDeviceYesClose -->
  <testcase name="exchangeDeviceYesClose" time="0.000" classname="org.samsung.pageexecution.BuyingPageExecution">
    <skipped/>
  </testcase> <!-- exchangeDeviceYesClose -->
  <testcase name="exchangeDeviceYesClose" time="0.000" classname="org.samsung.pageexecution.BuyingPageExecution">
    <skipped/>
  </testcase> <!-- exchangeDeviceYesClose -->
  <testcase name="tel" time="0.015" classname="org.samsung.pageexecution.BuyingPageExecution"/>
  <testcase name="te" time="0.000" classname="org.samsung.pageexecution.BuyingPageExecution">
    <error type="org.testng.TestNGException" message="
Cannot inject @Test annotated Method [te] with [class java.lang.String, class java.lang.String, class java.lang.String].
For more information on native dependency injection please refer to http://testng.org/doc/documentation-main.html#native-dependency-injection">
      <![CDATA[org.testng.TestNGException: 
Cannot inject @Test annotated Method [te] with [class java.lang.String, class java.lang.String, class java.lang.String].
For more information on native dependency injection please refer to http://testng.org/doc/documentation-main.html#native-dependency-injection
at org.testng.internal.Parameters.checkParameterTypes(Parameters.java:407)
at org.testng.internal.Parameters.createParametersForMethod(Parameters.java:356)
at org.testng.internal.Parameters.createParameters(Parameters.java:635)
at org.testng.internal.Parameters.handleParameters(Parameters.java:769)
at org.testng.internal.ParameterHandler.handleParameters(ParameterHandler.java:49)
at org.testng.internal.ParameterHandler.createParameters(ParameterHandler.java:37)
at org.testng.internal.Invoker.invokeTestMethods(Invoker.java:924)
at org.testng.internal.TestMethodWorker.invokeTestMethods(TestMethodWorker.java:125)
at org.testng.internal.TestMethodWorker.run(TestMethodWorker.java:109)
at org.testng.TestRunner.privateRun(TestRunner.java:648)
at org.testng.TestRunner.run(TestRunner.java:505)
at org.testng.SuiteRunner.runTest(SuiteRunner.java:455)
at org.testng.SuiteRunner.runSequentially(SuiteRunner.java:450)
at org.testng.SuiteRunner.privateRun(SuiteRunner.java:415)
at org.testng.SuiteRunner.run(SuiteRunner.java:364)
at org.testng.SuiteRunnerWorker.runSuite(SuiteRunnerWorker.java:52)
at org.testng.SuiteRunnerWorker.run(SuiteRunnerWorker.java:84)
at org.testng.TestNG.runSuitesSequentially(TestNG.java:1208)
at org.testng.TestNG.runSuitesLocally(TestNG.java:1137)
at org.testng.TestNG.runSuites(TestNG.java:1049)
at org.testng.TestNG.run(TestNG.java:1017)
at org.testng.remote.AbstractRemoteTestNG.run(AbstractRemoteTestNG.java:132)
at org.testng.remote.RemoteTestNG.initAndRun(RemoteTestNG.java:230)
at org.testng.remote.RemoteTestNG.main(RemoteTestNG.java:76)
]]>
    </error>
  </testcase> <!-- te -->
  <testcase name="exchangeDeviceYesClick" classname="org.samsung.pageexecution.BuyingPageExecution">
    <skipped/>
  </testcase> <!-- exchangeDeviceYesClick -->
</testsuite> <!-- org.samsung.pageexecution.BuyingPageExecution -->
